20:06:40.457 [main                     ] DEBUG Logger               - Configured Logger
20:06:40.463 [main                     ] DEBUG GameApplication      - Logging settings
Title: Saelly the Flying Witch
Version: 0.1.1 - Alpha 1
Width: 1280
Height: 756
Fullscreen: false
Intro: true
Profiling: false
Single step:false
App Mode: DEVELOPER
Menu Key: F24
Stage Style: UNDECORATED
Scene Factory: class Mark.baseGame.SceneFactory

20:06:40.865 [JavaFX Application Thread] DEBUG FXGLApplication      - Initializing FXGL
20:06:40.869 [JavaFX Application Thread] INFO  Engine               - FXGL-21.1 (27.03.2024 07.52) on WINDOWS (J:26.0.1 FX:21)
20:06:40.869 [JavaFX Application Thread] DEBUG Engine               - JRE Vendor Name: Oracle Corporation
20:06:40.869 [JavaFX Application Thread] DEBUG Engine               - Running on OS: Windows 11 version 10.0
20:06:40.869 [JavaFX Application Thread] DEBUG Engine               - Architecture: amd64
20:06:40.869 [JavaFX Application Thread] INFO  Engine               - Source code and latest versions at: https://github.com/AlmasB/FXGL
20:06:40.869 [JavaFX Application Thread] INFO  Engine               -       Ask questions and discuss at: https://github.com/AlmasB/FXGL/discussions
20:06:40.869 [JavaFX Application Thread] INFO  Engine               -              Join the FXGL chat at: https://gitter.im/AlmasB/FXGL
20:06:41.062 [JavaFX Application Thread] DEBUG PrimaryStageWindow   - Creating a JavaFX scene
20:06:41.110 [JavaFX Application Thread] DEBUG PrimaryStageWindow   - Target settings size: 1280.0 x 756.0
20:06:41.112 [JavaFX Application Thread] DEBUG PrimaryStageWindow   - Scaled scene size:    1280.0 x 756.0
20:06:41.112 [JavaFX Application Thread] DEBUG PrimaryStageWindow   - Scaled ratio: (1.0, 1.0)
20:06:41.113 [JavaFX Application Thread] DEBUG PrimaryStageWindow   - Set initial scene to CustomStartupScene
20:06:41.115 [JavaFX Application Thread] DEBUG PrimaryStageWindow   - Opening main window
20:06:41.221 [JavaFX Application Thread] DEBUG PrimaryStageWindow   - Window border size: (0.0, 0.0)
20:06:41.221 [JavaFX Application Thread] DEBUG PrimaryStageWindow   - Scaled size: 1280.0 x 756.0
20:06:41.222 [JavaFX Application Thread] DEBUG PrimaryStageWindow   - Scaled ratio: (1.0, 1.0)
20:06:41.222 [JavaFX Application Thread] DEBUG PrimaryStageWindow   - Scene size: 1280.0 x 756.0
20:06:41.222 [JavaFX Application Thread] DEBUG PrimaryStageWindow   - Stage size: 1280.0 x 756.0
20:06:41.229 [FXGL Background Thread 1 ] DEBUG Engine               - Initializing environment variables
20:06:41.269 [FXGL Background Thread 1 ] DEBUG FXGLAssetLoaderServi - User app class for loading assets: class Mark.baseGame.SaellyApp
20:06:41.269 [FXGL Background Thread 1 ] DEBUG GameApplicationServi - Applying CSS: fxgl_dark.css
20:06:41.270 [FXGL Background Thread 1 ] DEBUG FXGLAssetLoaderServi - Loading from file system: jar:file:/C:/Users/info/.m2/repository/com/github/almasb/fxgl/21.1/fxgl-21.1.jar!/fxglassets/ui/css/fxgl_dark.css
20:06:41.305 [FXGL Background Thread 1 ] DEBUG GameApplicationServi - Initializing application scenes
20:06:41.305 [FXGL Background Thread 1 ] DEBUG FXGLAssetLoaderServi - Loading from file system: file:/C:/Users/info/OneDrive/Dokumente/java-workspace/baseGame/target/classes/assets/textures/gameBackgroundLoopable.png
20:06:41.353 [FXGL Background Thread 1 ] DEBUG FXGLAssetLoaderServi - Loading from file system: file:/C:/Users/info/OneDrive/Dokumente/java-workspace/baseGame/target/classes/assets/textures/ui/ui_loadingAnimation.png
20:06:41.625 [FXGL Background Thread 1 ] DEBUG GameWorld            - Game world initialized
20:06:41.653 [FXGL Background Thread 1 ] DEBUG PhysicsWorld         - Physics world initialized: appHeight=756, physics.ppm=50,0
20:06:41.653 [FXGL Background Thread 1 ] DEBUG PhysicsWorld         - Using strategy: BRUTE_FORCE
20:06:41.656 [FXGL Background Thread 1 ] DEBUG GameScene            - Game scene initialized: 1280x756
20:06:41.657 [FXGL Background Thread 1 ] DEBUG FXGLAssetLoaderServi - Loading from file system: file:/C:/Users/info/OneDrive/Dokumente/java-workspace/baseGame/target/classes/assets/textures/ui/ui_appIcon.png
20:06:41.692 [FXGL Background Thread 1 ] DEBUG FXGLAssetLoaderServi - Loading from file system: file:/C:/Users/info/OneDrive/Dokumente/java-workspace/baseGame/target/classes/assets/textures/ui/ui_sound_unmute_image.png
20:06:41.743 [FXGL Background Thread 1 ] DEBUG FXGLAssetLoaderServi - Loading from file system: file:/C:/Users/info/OneDrive/Dokumente/java-workspace/baseGame/target/classes/assets/textures/ui/ui_sound_muted_image.png
20:06:41.816 [FXGL Background Thread 1 ] DEBUG GameApplicationServi - Application scenes initialized
20:06:41.820 [FXGL Background Thread 1 ] DEBUG SystemBundleService  - Loading FXGL system data
20:06:41.820 [FXGL Background Thread 1 ] DEBUG FileSystemAccess     - Reading from: C:\Users\info\OneDrive\Dokumente\java-workspace\baseGame\system\fxgl.bundle
20:06:41.820 [FXGL Background Thread 1 ] DEBUG SystemBundleService  - Bundle FXGL: {}
20:06:41.820 [FXGL Background Thread 1 ] DEBUG UpdaterService       - Checking for updates
20:06:41.834 [FXGL Background Thread 4 ] DEBUG FXGLApplication      - Loading fonts
20:06:41.834 [FXGL Background Thread 1 ] DEBUG FXGLApplication      - Loading default localization
20:06:41.835 [FXGL Background Thread 4 ] DEBUG FXGLAssetLoaderServi - Loading from file system: file:/C:/Users/info/OneDrive/Dokumente/java-workspace/baseGame/target/classes/assets/ui/fonts/EagleLake.ttf
20:06:41.835 [FXGL Background Thread 1 ] DEBUG FXGLAssetLoaderServi - Loading from file system: jar:file:/C:/Users/info/.m2/repository/com/github/almasb/fxgl/21.1/fxgl-21.1.jar!/fxglassets/languages/german.lang
20:06:41.846 [FXGL Background Thread 1 ] WARN  LocalizationService  - server.version is not localized for language GERMAN
20:06:41.846 [FXGL Background Thread 1 ] WARN  LocalizationService  - menu.music is not localized for language GERMAN
20:06:41.846 [FXGL Background Thread 1 ] WARN  LocalizationService  - menu.sound is not localized for language GERMAN
20:06:41.846 [FXGL Background Thread 1 ] WARN  LocalizationService  - menu.controls_title is not localized for language GERMAN
20:06:41.846 [FXGL Background Thread 1 ] WARN  LocalizationService  - menu.jump is not localized for language GERMAN
20:06:41.846 [FXGL Background Thread 1 ] WARN  LocalizationService  - menu.restart is not localized for language GERMAN
20:06:41.846 [FXGL Background Thread 1 ] WARN  LocalizationService  - menu.windowed is not localized for language GERMAN
20:06:41.846 [FXGL Background Thread 1 ] WARN  LocalizationService  - menu.borderless is not localized for language GERMAN
20:06:41.846 [FXGL Background Thread 1 ] WARN  LocalizationService  - menu.language_title is not localized for language GERMAN
20:06:41.846 [FXGL Background Thread 1 ] WARN  LocalizationService  - menu.leaderboard_title is not localized for language GERMAN
20:06:41.846 [FXGL Background Thread 1 ] WARN  LocalizationService  - menu.credits_text is not localized for language GERMAN
20:06:41.846 [FXGL Background Thread 1 ] WARN  LocalizationService  - menu.mode is not localized for language GERMAN
20:06:41.848 [FXGL Background Thread 1 ] INFO  FXGLApplication      - FXGL initialization took: 0,619 sec
20:06:41.856 [JavaFX Application Thread] DEBUG Input                - Registered new binding: Windowed - F10
20:06:41.856 [JavaFX Application Thread] DEBUG Input                - Registered new binding: Borderless - F11
20:06:41.856 [JavaFX Application Thread] DEBUG Input                - Registered new binding: Fullscreen - F12
20:06:41.856 [JavaFX Application Thread] DEBUG Input                - Registered new binding: jump - Space
20:06:41.856 [JavaFX Application Thread] DEBUG Input                - Registered new binding: Restart Game - Enter
20:06:41.856 [JavaFX Application Thread] DEBUG Input                - Registered new binding: toggle hitboxes - H
20:06:41.860 [JavaFX Application Thread] DEBUG FXGLAssetLoaderServi - Loading from file system: file:/C:/Users/info/OneDrive/Dokumente/java-workspace/baseGame/target/classes/assets/textures/ui/heart.png
20:06:41.915 [JavaFX Application Thread] DEBUG FXGLAssetLoaderServi - Loading from file system: file:/C:/Users/info/OneDrive/Dokumente/java-workspace/baseGame/target/classes/assets/textures/powerups/invulnerable.png
20:06:41.972 [JavaFX Application Thread] DEBUG FXGLAssetLoaderServi - Loading from file system: file:/C:/Users/info/OneDrive/Dokumente/java-workspace/baseGame/target/classes/assets/music/bgMusic.mp3
20:06:42.081 [JavaFX Application Thread] DEBUG FXGLAssetLoaderServi - Loading from file system: file:/C:/Users/info/OneDrive/Dokumente/java-workspace/baseGame/target/classes/assets/music/menuMusic.mp3
20:06:42.102 [JavaFX Application Thread] DEBUG FXGLAssetLoaderServi - Loading from file system: file:/C:/Users/info/OneDrive/Dokumente/java-workspace/baseGame/target/classes/assets/music/gameOverMusic.mp3
20:06:42.121 [JavaFX Application Thread] DEBUG FXGLAssetLoaderServi - Loading from file system: file:/C:/Users/info/OneDrive/Dokumente/java-workspace/baseGame/target/classes/assets/textures/barriers/topBarrier.png
20:06:42.126 [JavaFX Application Thread] DEBUG FXGLAssetLoaderServi - Loading from file system: file:/C:/Users/info/OneDrive/Dokumente/java-workspace/baseGame/target/classes/assets/textures/powerups/slowMotion.png
20:06:42.196 [JavaFX Application Thread] DEBUG FXGLAssetLoaderServi - Loading from file system: file:/C:/Users/info/OneDrive/Dokumente/java-workspace/baseGame/target/classes/assets/textures/powerups/x10Score.png
20:06:42.260 [JavaFX Application Thread] DEBUG FXGLAssetLoaderServi - Loading from file system: file:/C:/Users/info/OneDrive/Dokumente/java-workspace/baseGame/target/classes/assets/textures/powerups/invulnerable.png
20:06:42.311 [JavaFX Application Thread] DEBUG FXGLAssetLoaderServi - Loading from file system: file:/C:/Users/info/OneDrive/Dokumente/java-workspace/baseGame/target/classes/assets/textures/powerups/extraLife.png
20:06:42.326 [FXGL Background Thread 2 ] INFO  UpdaterService       - Your current version:  21.1
20:06:42.326 [FXGL Background Thread 2 ] INFO  UpdaterService       - Latest stable version: 25
20:06:42.358 [JavaFX Application Thread] DEBUG FXGLAssetLoaderServi - Loading from file system: file:/C:/Users/info/OneDrive/Dokumente/java-workspace/baseGame/target/classes/assets/sounds/gameOverSound.wav
20:06:42.366 [JavaFX Application Thread] DEBUG FXGLAssetLoaderServi - Loading from file system: file:/C:/Users/info/OneDrive/Dokumente/java-workspace/baseGame/target/classes/assets/textures/effects/crashEffect.png
20:06:42.383 [JavaFX Application Thread] DEBUG FXGLAssetLoaderServi - Loading from file system: file:/C:/Users/info/OneDrive/Dokumente/java-workspace/baseGame/target/classes/assets/textures/effects/pickupEffect.png
20:06:42.400 [JavaFX Application Thread] DEBUG FXGLAssetLoaderServi - Loading from file system: file:/C:/Users/info/OneDrive/Dokumente/java-workspace/baseGame/target/classes/assets/textures/effects/invulnerableEffect.png
20:06:42.412 [JavaFX Application Thread] DEBUG FXGLAssetLoaderServi - Loading from file system: file:/C:/Users/info/OneDrive/Dokumente/java-workspace/baseGame/target/classes/assets/textures/effects/slowMotionEffect.png
20:06:42.497 [JavaFX Application Thread] DEBUG FXGLAssetLoaderServi - Loading from file system: jar:file:/C:/Users/info/.m2/repository/com/github/almasb/fxgl/21.1/fxgl-21.1.jar!/fxglassets/textures/fxgl_default_cursor.png
20:06:42.497 [JavaFX Application Thread] DEBUG Input                - Registered new binding: Screenshot - CTRL+8
20:06:42.497 [JavaFX Application Thread] DEBUG Input                - Registered new binding: System info dump - CTRL+9
20:06:42.497 [JavaFX Application Thread] DEBUG Input                - Registered new binding: Restart - CTRL+R
20:06:42.497 [JavaFX Application Thread] DEBUG Input                - Registered new binding: Toggle Debug Camera - CTRL+7
20:06:42.501 [JavaFX Application Thread] DEBUG LoopRunner           - Starting loop
20:06:42.501 [JavaFX Application Thread] DEBUG LoopRunner           - Initializing JavaFX AnimationTimerLoop
20:06:42.503 [JavaFX Application Thread] DEBUG Input                - Clearing active input actions
20:06:42.515 [JavaFX Application Thread] DEBUG GameApplicationServi - Removing overlay from CustomStartupScene and adding to CustomIntroScene
20:06:42.515 [JavaFX Application Thread] DEBUG PrimaryStageWindow   - CustomStartupScene -> CustomIntroScene
20:06:42.524 [JavaFX Application Thread] DEBUG FXGLApplication      - Registering font factories with UI factory
20:06:44.833 [FXGL Background Thread 3 ] DEBUG Engine               - Logging environment variables
20:06:44.834 [FXGL Background Thread 3 ] DEBUG Engine               - achievements: []
20:06:44.834 [FXGL Background Thread 3 ] DEBUG Engine               - actualHeight: 756.0
20:06:44.834 [FXGL Background Thread 3 ] DEBUG Engine               - actualHeightProperty: ReadOnlyDoubleProperty [value: 756.0]
20:06:44.834 [FXGL Background Thread 3 ] DEBUG Engine               - actualWidth: 1280.0
20:06:44.834 [FXGL Background Thread 3 ] DEBUG Engine               - actualWidthProperty: ReadOnlyDoubleProperty [value: 1280.0]
20:06:44.834 [FXGL Background Thread 3 ] DEBUG Engine               - appIcon: ui/ui_appIcon.png
20:06:44.834 [FXGL Background Thread 3 ] DEBUG Engine               - applicationMode: DEVELOPER
20:06:44.834 [FXGL Background Thread 3 ] DEBUG Engine               - cSSList: [fxgl_dark.css]
20:06:44.834 [FXGL Background Thread 3 ] DEBUG Engine               - collisionDetectionStrategy: BRUTE_FORCE
20:06:44.834 [FXGL Background Thread 3 ] DEBUG Engine               - configClass: Optional.empty
20:06:44.834 [FXGL Background Thread 3 ] DEBUG Engine               - credits: []
20:06:44.834 [FXGL Background Thread 3 ] DEBUG Engine               - defaultCursor: CursorInfo(imageName=fxgl_default_cursor.png, hotspotX=7.0, hotspotY=6.0)
20:06:44.834 [FXGL Background Thread 3 ] DEBUG Engine               - devBBoxColorProperty: ObjectProperty [value: 0xff0000ff]
20:06:44.834 [FXGL Background Thread 3 ] DEBUG Engine               - devEnableDebugCameraProperty: BooleanProperty [value: false]
20:06:44.834 [FXGL Background Thread 3 ] DEBUG Engine               - devSensorColorProperty: ObjectProperty [value: 0xffff00ff]
20:06:44.834 [FXGL Background Thread 3 ] DEBUG Engine               - devShowBBoxProperty: BooleanProperty [value: false]
20:06:44.834 [FXGL Background Thread 3 ] DEBUG Engine               - devShowPositionProperty: BooleanProperty [value: false]
20:06:44.834 [FXGL Background Thread 3 ] DEBUG Engine               - enabledMenuItems: []
20:06:44.834 [FXGL Background Thread 3 ] DEBUG Engine               - engineServices: [class com.almasb.fxgl.app.services.FXGLAssetLoaderService, class com.almasb.fxgl.app.FXGLApplication$GameApplicationService, class com.almasb.fxgl.app.services.FXGLDialogService, class com.almasb.fxgl.app.services.IOTaskExecutorService, class com.almasb.fxgl.io.FileSystemService, class com.almasb.fxgl.localization.LocalizationService, class com.almasb.fxgl.app.services.SystemBundleService, class com.almasb.fxgl.profile.SaveLoadService, class com.almasb.fxgl.ui.FXGLUIFactoryServiceProvider, class com.almasb.fxgl.ui.FXGLDialogFactoryServiceProvider, class com.almasb.fxgl.audio.AudioPlayer, class com.almasb.fxgl.notification.impl.NotificationServiceProvider, class com.almasb.fxgl.achievement.AchievementService, class com.almasb.fxgl.cutscene.CutsceneService, class com.almasb.fxgl.minigames.MiniGameService, class com.almasb.fxgl.net.NetService, class com.almasb.fxgl.app.services.UpdaterService, class com.almasb.fxgl.dev.DevService]
20:06:44.834 [FXGL Background Thread 3 ] DEBUG Engine               - fontGame: EagleLake.ttf
20:06:44.834 [FXGL Background Thread 3 ] DEBUG Engine               - fontMono: EagleLake.ttf
20:06:44.834 [FXGL Background Thread 3 ] DEBUG Engine               - fontSizeScaleUI: 1.0
20:06:44.834 [FXGL Background Thread 3 ] DEBUG Engine               - fontText: EagleLake.ttf
20:06:44.834 [FXGL Background Thread 3 ] DEBUG Engine               - fontUI: EagleLake.ttf
20:06:44.834 [FXGL Background Thread 3 ] DEBUG Engine               - fullScreen: BooleanProperty [value: false]
20:06:44.834 [FXGL Background Thread 3 ] DEBUG Engine               - gameDifficulty: MEDIUM
20:06:44.834 [FXGL Background Thread 3 ] DEBUG Engine               - gameDifficultyProperty: ObjectProperty [value: MEDIUM]
20:06:44.834 [FXGL Background Thread 3 ] DEBUG Engine               - globalMusicVolume: 0.5
20:06:44.834 [FXGL Background Thread 3 ] DEBUG Engine               - globalMusicVolumeProperty: DoubleProperty [value: 0.31060606949812886]
20:06:44.834 [FXGL Background Thread 3 ] DEBUG Engine               - globalSoundVolume: 0.5
20:06:44.834 [FXGL Background Thread 3 ] DEBUG Engine               - globalSoundVolumeProperty: DoubleProperty [value: 0.31060606949812886]
20:06:44.834 [FXGL Background Thread 3 ] DEBUG Engine               - height: 756
20:06:44.834 [FXGL Background Thread 3 ] DEBUG Engine               - is3D: false
20:06:44.834 [FXGL Background Thread 3 ] DEBUG Engine               - isAndroid: false
20:06:44.834 [FXGL Background Thread 3 ] DEBUG Engine               - isBrowser: false
20:06:44.834 [FXGL Background Thread 3 ] DEBUG Engine               - isClickFeedbackEnabled: false
20:06:44.834 [FXGL Background Thread 3 ] DEBUG Engine               - isCloseConfirmation: false
20:06:44.834 [FXGL Background Thread 3 ] DEBUG Engine               - isDesktop: true
20:06:44.834 [FXGL Background Thread 3 ] DEBUG Engine               - isDeveloperMenuEnabled: false
20:06:44.834 [FXGL Background Thread 3 ] DEBUG Engine               - isEmbedded: false
20:06:44.834 [FXGL Background Thread 3 ] DEBUG Engine               - isEntityPreloadEnabled: true
20:06:44.834 [FXGL Background Thread 3 ] DEBUG Engine               - isExperimentalTiledLargeMap: false
20:06:44.834 [FXGL Background Thread 3 ] DEBUG Engine               - isFileSystemWriteAllowed: true
20:06:44.834 [FXGL Background Thread 3 ] DEBUG Engine               - isFullScreenAllowed: false
20:06:44.834 [FXGL Background Thread 3 ] DEBUG Engine               - isFullScreenFromStart: false
20:06:44.834 [FXGL Background Thread 3 ] DEBUG Engine               - isGameMenuEnabled: true
20:06:44.834 [FXGL Background Thread 3 ] DEBUG Engine               - isIOS: false
20:06:44.834 [FXGL Background Thread 3 ] DEBUG Engine               - isIntroEnabled: true
20:06:44.834 [FXGL Background Thread 3 ] DEBUG Engine               - isLinux: false
20:06:44.834 [FXGL Background Thread 3 ] DEBUG Engine               - isMac: false
20:06:44.834 [FXGL Background Thread 3 ] DEBUG Engine               - isMainMenuEnabled: false
20:06:44.834 [FXGL Background Thread 3 ] DEBUG Engine               - isManualResizeEnabled: false
20:06:44.834 [FXGL Background Thread 3 ] DEBUG Engine               - isMobile: false
20:06:44.834 [FXGL Background Thread 3 ] DEBUG Engine               - isNative: false
20:06:44.834 [FXGL Background Thread 3 ] DEBUG Engine               - isPauseMusicWhenMinimized: true
20:06:44.834 [FXGL Background Thread 3 ] DEBUG Engine               - isPreserveResizeRatio: false
20:06:44.834 [FXGL Background Thread 3 ] DEBUG Engine               - isProfilingEnabled: false
20:06:44.834 [FXGL Background Thread 3 ] DEBUG Engine               - isScaleAffectedOnResize: true
20:06:44.834 [FXGL Background Thread 3 ] DEBUG Engine               - isSingleStep: false
20:06:44.834 [FXGL Background Thread 3 ] DEBUG Engine               - isUserProfileEnabled: false
20:06:44.834 [FXGL Background Thread 3 ] DEBUG Engine               - isWindows: true
20:06:44.834 [FXGL Background Thread 3 ] DEBUG Engine               - language: ObjectProperty [value: GERMAN]
20:06:44.834 [FXGL Background Thread 3 ] DEBUG Engine               - menuKey: F24
20:06:44.834 [FXGL Background Thread 3 ] DEBUG Engine               - mouseSensitivity: 0.2
20:06:44.834 [FXGL Background Thread 3 ] DEBUG Engine               - notificationViewClass: class com.almasb.fxgl.notification.view.XboxNotificationView
20:06:44.834 [FXGL Background Thread 3 ] DEBUG Engine               - pixelsPerMeter: 50.0
20:06:44.834 [FXGL Background Thread 3 ] DEBUG Engine               - platform: WINDOWS
20:06:44.834 [FXGL Background Thread 3 ] DEBUG Engine               - prefHeightProperty: ReadOnlyDoubleProperty [value: 756.0]
20:06:44.834 [FXGL Background Thread 3 ] DEBUG Engine               - prefWidthProperty: ReadOnlyDoubleProperty [value: 1280.0]
20:06:44.834 [FXGL Background Thread 3 ] DEBUG Engine               - profileDir: profiles/
20:06:44.834 [FXGL Background Thread 3 ] DEBUG Engine               - profileName: StringProperty [value: DEFAULT]
20:06:44.834 [FXGL Background Thread 3 ] DEBUG Engine               - randomSeed: -1
20:06:44.834 [FXGL Background Thread 3 ] DEBUG Engine               - runtimeInfo: RuntimeInfo(platform=WINDOWS, version=21.1, build=27.03.2024 07.52)
20:06:44.834 [FXGL Background Thread 3 ] DEBUG Engine               - saveFileExt: sav
20:06:44.834 [FXGL Background Thread 3 ] DEBUG Engine               - scaledHeightProp$fxgl: DoubleProperty [bound, value: 756.0]
20:06:44.834 [FXGL Background Thread 3 ] DEBUG Engine               - scaledWidthProp$fxgl: DoubleProperty [bound, value: 1280.0]
20:06:44.834 [FXGL Background Thread 3 ] DEBUG Engine               - sceneFactory: Mark.baseGame.SceneFactory@65fdb573
20:06:44.834 [FXGL Background Thread 3 ] DEBUG Engine               - secondsIn24h: 60
20:06:44.834 [FXGL Background Thread 3 ] DEBUG Engine               - soundMenuBack: menu/back.wav
20:06:44.834 [FXGL Background Thread 3 ] DEBUG Engine               - soundMenuPress: menu/press.wav
20:06:44.834 [FXGL Background Thread 3 ] DEBUG Engine               - soundMenuSelect: menu/select.wav
20:06:44.834 [FXGL Background Thread 3 ] DEBUG Engine               - soundNotification: core/notification.wav
20:06:44.834 [FXGL Background Thread 3 ] DEBUG Engine               - stageStyle: UNDECORATED
20:06:44.834 [FXGL Background Thread 3 ] DEBUG Engine               - supportedLanguages: [ENGLISH, FRENCH, GERMAN, HUNGARIAN, RUSSIAN]
20:06:44.834 [FXGL Background Thread 3 ] DEBUG Engine               - ticksPerSecond: -1
20:06:44.834 [FXGL Background Thread 3 ] DEBUG Engine               - title: Saelly the Flying Witch
20:06:44.834 [FXGL Background Thread 3 ] DEBUG Engine               - urlGithub: https://github.com/AlmasB/FXGL
20:06:44.834 [FXGL Background Thread 3 ] DEBUG Engine               - urlLeaderboard: http://fxgl-top.herokuapp.com/
20:06:44.834 [FXGL Background Thread 3 ] DEBUG Engine               - urlPOM: https://raw.githubusercontent.com/AlmasB/FXGL/release/README.md
20:06:44.834 [FXGL Background Thread 3 ] DEBUG Engine               - userAppClass: class Mark.baseGame.SaellyApp
20:06:44.834 [FXGL Background Thread 3 ] DEBUG Engine               - version: 0.1.1 - Alpha 1
20:06:44.834 [FXGL Background Thread 3 ] DEBUG Engine               - versionCheckDays: 7
20:06:44.834 [FXGL Background Thread 3 ] DEBUG Engine               - width: 1280
20:06:44.834 [FXGL Background Thread 3 ] DEBUG Engine               - Logging services
20:06:44.834 [FXGL Background Thread 3 ] DEBUG Engine               - class com.almasb.fxgl.app.services.FXGLAssetLoaderService
20:06:44.834 [FXGL Background Thread 3 ] DEBUG Engine               - class com.almasb.fxgl.app.FXGLApplication$GameApplicationService
20:06:44.834 [FXGL Background Thread 3 ] DEBUG Engine               - class com.almasb.fxgl.app.services.FXGLDialogService
20:06:44.834 [FXGL Background Thread 3 ] DEBUG Engine               - class com.almasb.fxgl.app.services.IOTaskExecutorService
20:06:44.834 [FXGL Background Thread 3 ] DEBUG Engine               - class com.almasb.fxgl.io.FileSystemService
20:06:44.834 [FXGL Background Thread 3 ] DEBUG Engine               - class com.almasb.fxgl.localization.LocalizationService
20:06:44.834 [FXGL Background Thread 3 ] DEBUG Engine               - class com.almasb.fxgl.app.services.SystemBundleService
20:06:44.834 [FXGL Background Thread 3 ] DEBUG Engine               - class com.almasb.fxgl.profile.SaveLoadService
20:06:44.834 [FXGL Background Thread 3 ] DEBUG Engine               - class com.almasb.fxgl.ui.FXGLUIFactoryServiceProvider
20:06:44.834 [FXGL Background Thread 3 ] DEBUG Engine               - class com.almasb.fxgl.ui.FXGLDialogFactoryServiceProvider
20:06:44.834 [FXGL Background Thread 3 ] DEBUG Engine               - class com.almasb.fxgl.audio.AudioPlayer
20:06:44.834 [FXGL Background Thread 3 ] DEBUG Engine               - class com.almasb.fxgl.notification.impl.NotificationServiceProvider
20:06:44.834 [FXGL Background Thread 3 ] DEBUG Engine               - class com.almasb.fxgl.achievement.AchievementService
20:06:44.834 [FXGL Background Thread 3 ] DEBUG Engine               - class com.almasb.fxgl.cutscene.CutsceneService
20:06:44.834 [FXGL Background Thread 3 ] DEBUG Engine               - class com.almasb.fxgl.minigames.MiniGameService
20:06:44.834 [FXGL Background Thread 3 ] DEBUG Engine               - class com.almasb.fxgl.net.NetService
20:06:44.834 [FXGL Background Thread 3 ] DEBUG Engine               - class com.almasb.fxgl.app.services.UpdaterService
20:06:44.834 [FXGL Background Thread 3 ] DEBUG Engine               - class com.almasb.fxgl.dev.DevService
20:06:45.514 [JavaFX Application Thread] DEBUG GameApplicationServi - Starting new game
20:06:45.515 [JavaFX Application Thread] DEBUG Input                - Clearing active input actions
20:06:45.526 [JavaFX Application Thread] DEBUG GameApplicationServi - Removing overlay from CustomIntroScene and adding to CustomLoadingScene
20:06:45.526 [JavaFX Application Thread] DEBUG PrimaryStageWindow   - CustomIntroScene -> CustomLoadingScene
20:06:45.526 [JavaFX Application Thread] DEBUG GameApplicationServi - Clearing previous game
20:06:45.526 [JavaFX Application Thread] DEBUG GameScene            - Clearing game scene
20:06:45.526 [JavaFX Application Thread] DEBUG GameWorld            - Clearing game world
20:06:45.526 [JavaFX Application Thread] DEBUG PhysicsWorld         - Clearing physics world
20:06:45.526 [FXGL Background Thread 2 ] DEBUG FXGLApplication      - Initializing game
20:06:49.530 [FXGL Background Thread 2 ] DEBUG AudioPlayer          - Stopping music com.almasb.fxgl.audio.Music@2253ea1
20:06:49.531 [FXGL Background Thread 2 ] DEBUG AudioPlayer          - Stopping music com.almasb.fxgl.audio.Music@3d2d06a2
20:06:49.533 [FXGL Background Thread 2 ] DEBUG AudioPlayer          - Stopping music com.almasb.fxgl.audio.Music@5ba1752b
20:06:49.533 [FXGL Background Thread 2 ] DEBUG AudioPlayer          - Playing music com.almasb.fxgl.audio.Music@5ba1752b
20:06:49.546 [FXGL Background Thread 2 ] DEBUG FXGLAssetLoaderServi - Loading from file system: file:/C:/Users/info/OneDrive/Dokumente/java-workspace/baseGame/target/classes/assets/textures/player/SaellyJump.png
20:06:49.569 [FXGL Background Thread 2 ] DEBUG FXGLAssetLoaderServi - Loading from file system: file:/C:/Users/info/OneDrive/Dokumente/java-workspace/baseGame/target/classes/assets/sounds/Jump.wav
20:06:49.576 [FXGL Background Thread 2 ] DEBUG FXGLAssetLoaderServi - Loading from file system: file:/C:/Users/info/OneDrive/Dokumente/java-workspace/baseGame/target/classes/assets/textures/gameBackgroundLoopable.png
20:06:49.648 [FXGL Background Thread 2 ] INFO  FXGLApplication      - Game initialization took: 4,121 sec
20:06:50.202 [JavaFX Application Thread] DEBUG Input                - Clearing active input actions
20:06:50.213 [JavaFX Application Thread] DEBUG GameApplicationServi - Removing overlay from CustomLoadingScene and adding to GameScene
20:06:50.213 [JavaFX Application Thread] DEBUG PrimaryStageWindow   - CustomLoadingScene -> GameScene
20:06:51.237 [JavaFX Application Thread] DEBUG PrimaryStageWindow   - Push state: CustomPauseMenuScene
20:06:51.237 [JavaFX Application Thread] DEBUG Input                - Clearing active input actions
20:06:51.241 [JavaFX Application Thread] DEBUG AudioPlayer          - Pausing music com.almasb.fxgl.audio.Music@5ba1752b
20:06:51.241 [JavaFX Application Thread] DEBUG AudioPlayer          - Playing music com.almasb.fxgl.audio.Music@3d2d06a2
20:06:51.241 [JavaFX Application Thread] DEBUG GameApplicationServi - Removing overlay from GameScene and adding to CustomPauseMenuScene
20:06:51.242 [JavaFX Application Thread] DEBUG PrimaryStageWindow   - GameScene -> CustomPauseMenuScene
20:06:51.250 [JavaFX Application Thread] WARN  LocalizationService  - menu.leaderboard is not localized for language GERMAN
20:06:51.252 [JavaFX Application Thread] WARN  LocalizationService  - menu.mainmenu is not localized for language GERMAN
20:06:51.286 [JavaFX Application Thread] WARN  LocalizationService  - menu.lang_de is not localized for language GERMAN
20:06:51.286 [JavaFX Application Thread] WARN  LocalizationService  - menu.lang_en is not localized for language GERMAN
20:07:11.309 [JavaFX Application Thread] WARN  GameApplicationServi - Ignoring gotoMainMenu() because main menu is not enabled
20:07:13.966 [JavaFX Application Thread] WARN  GameApplicationServi - Ignoring gotoMainMenu() because main menu is not enabled
20:07:26.527 [JavaFX Application Thread] DEBUG Menu                 - fireResume()
20:07:26.527 [JavaFX Application Thread] DEBUG PrimaryStageWindow   - Pop state: CustomPauseMenuScene
20:07:26.527 [JavaFX Application Thread] DEBUG Input                - Clearing active input actions
20:07:26.528 [JavaFX Application Thread] DEBUG AudioPlayer          - Stopping music com.almasb.fxgl.audio.Music@3d2d06a2
20:07:26.573 [JavaFX Application Thread] DEBUG AudioPlayer          - Resuming music com.almasb.fxgl.audio.Music@5ba1752b
20:07:26.574 [JavaFX Application Thread] DEBUG GameApplicationServi - Removing overlay from CustomPauseMenuScene and adding to GameScene
20:07:26.574 [JavaFX Application Thread] DEBUG PrimaryStageWindow   - GameScene <- CustomPauseMenuScene
20:07:27.167 [JavaFX Application Thread] DEBUG PrimaryStageWindow   - Push state: CustomPauseMenuScene
20:07:27.168 [JavaFX Application Thread] DEBUG Input                - Clearing active input actions
20:07:27.171 [JavaFX Application Thread] DEBUG AudioPlayer          - Pausing music com.almasb.fxgl.audio.Music@5ba1752b
20:07:27.213 [JavaFX Application Thread] DEBUG AudioPlayer          - Playing music com.almasb.fxgl.audio.Music@3d2d06a2
20:07:27.213 [JavaFX Application Thread] DEBUG GameApplicationServi - Removing overlay from GameScene and adding to CustomPauseMenuScene
20:07:27.213 [JavaFX Application Thread] DEBUG PrimaryStageWindow   - GameScene -> CustomPauseMenuScene
20:08:53.533 [JavaFX Application Thread] WARN  GameApplicationServi - Ignoring gotoMainMenu() because main menu is not enabled
20:08:54.142 [JavaFX Application Thread] DEBUG Menu                 - fireExit()
20:08:54.145 [JavaFX Application Thread] DEBUG PrimaryStageWindow   - Push state: DialogSubScene
20:08:54.145 [JavaFX Application Thread] DEBUG Input                - Clearing active input actions
20:08:54.146 [JavaFX Application Thread] DEBUG GameApplicationServi - Removing overlay from CustomPauseMenuScene and adding to DialogSubScene
20:08:54.146 [JavaFX Application Thread] DEBUG PrimaryStageWindow   - CustomPauseMenuScene -> DialogSubScene
20:09:04.348 [JavaFX Application Thread] DEBUG PrimaryStageWindow   - Pop state: DialogSubScene
20:09:04.348 [JavaFX Application Thread] DEBUG Input                - Clearing active input actions
20:09:04.348 [JavaFX Application Thread] DEBUG GameApplicationServi - Removing overlay from DialogSubScene and adding to CustomPauseMenuScene
20:09:04.348 [JavaFX Application Thread] DEBUG PrimaryStageWindow   - CustomPauseMenuScene <- DialogSubScene
20:09:04.348 [JavaFX Application Thread] DEBUG FXGLApplication      - Exiting FXGL
20:09:04.348 [JavaFX Application Thread] DEBUG LoopRunner           - Stopping loop
20:09:04.348 [JavaFX Application Thread] DEBUG SystemBundleService  - Saving FXGL system data
20:09:04.350 [JavaFX Application Thread] DEBUG FileSystemAccess     - Writing to: C:\Users\info\OneDrive\Dokumente\java-workspace\baseGame\system\fxgl.bundle
20:09:04.351 [JavaFX Application Thread] DEBUG Async                - Shutting down background threads
20:09:04.351 [JavaFX Application Thread] DEBUG PrimaryStageWindow   - Closing main window
20:09:04.369 [JavaFX Application Thread] DEBUG Logger               - Closing Logger
