21:19:18.490 [main                     ] DEBUG Logger               - Configured Logger
21:19:18.496 [main                     ] DEBUG GameApplication      - Logging settings
Title: Saelly the Flying Witch
Version: 0.1.1 - Alpha 1
Width: 1280
Height: 756
Fullscreen: false
Intro: true
Profiling: false
Single step:false
App Mode: DEVELOPER
Menu Key: F24
Stage Style: UNDECORATED
Scene Factory: class Mark.baseGame.SceneFactory

21:19:18.897 [JavaFX Application Thread] DEBUG FXGLApplication      - Initializing FXGL
21:19:18.901 [JavaFX Application Thread] INFO  Engine               - FXGL-21.1 (27.03.2024 07.52) on WINDOWS (J:26.0.1 FX:21)
21:19:18.903 [JavaFX Application Thread] DEBUG Engine               - JRE Vendor Name: Oracle Corporation
21:19:18.903 [JavaFX Application Thread] DEBUG Engine               - Running on OS: Windows 11 version 10.0
21:19:18.903 [JavaFX Application Thread] DEBUG Engine               - Architecture: amd64
21:19:18.903 [JavaFX Application Thread] INFO  Engine               - Source code and latest versions at: https://github.com/AlmasB/FXGL
21:19:18.903 [JavaFX Application Thread] INFO  Engine               -       Ask questions and discuss at: https://github.com/AlmasB/FXGL/discussions
21:19:18.903 [JavaFX Application Thread] INFO  Engine               -              Join the FXGL chat at: https://gitter.im/AlmasB/FXGL
21:19:19.116 [JavaFX Application Thread] DEBUG PrimaryStageWindow   - Creating a JavaFX scene
21:19:19.157 [JavaFX Application Thread] DEBUG PrimaryStageWindow   - Target settings size: 1280.0 x 756.0
21:19:19.157 [JavaFX Application Thread] DEBUG PrimaryStageWindow   - Scaled scene size:    1280.0 x 756.0
21:19:19.157 [JavaFX Application Thread] DEBUG PrimaryStageWindow   - Scaled ratio: (1.0, 1.0)
21:19:19.159 [JavaFX Application Thread] DEBUG PrimaryStageWindow   - Set initial scene to CustomStartupScene
21:19:19.163 [JavaFX Application Thread] DEBUG PrimaryStageWindow   - Opening main window
21:19:19.278 [JavaFX Application Thread] DEBUG PrimaryStageWindow   - Window border size: (0.0, 0.0)
21:19:19.279 [JavaFX Application Thread] DEBUG PrimaryStageWindow   - Scaled size: 1280.0 x 756.0
21:19:19.279 [JavaFX Application Thread] DEBUG PrimaryStageWindow   - Scaled ratio: (1.0, 1.0)
21:19:19.279 [JavaFX Application Thread] DEBUG PrimaryStageWindow   - Scene size: 1280.0 x 756.0
21:19:19.279 [JavaFX Application Thread] DEBUG PrimaryStageWindow   - Stage size: 1280.0 x 756.0
21:19:19.285 [FXGL Background Thread 1 ] DEBUG Engine               - Initializing environment variables
21:19:19.326 [FXGL Background Thread 1 ] DEBUG FXGLAssetLoaderServi - User app class for loading assets: class Mark.baseGame.SaellyApp
21:19:19.326 [FXGL Background Thread 1 ] DEBUG GameApplicationServi - Applying CSS: fxgl_dark.css
21:19:19.326 [FXGL Background Thread 1 ] DEBUG FXGLAssetLoaderServi - Loading from file system: jar:file:/C:/Users/info/.m2/repository/com/github/almasb/fxgl/21.1/fxgl-21.1.jar!/fxglassets/ui/css/fxgl_dark.css
21:19:19.379 [FXGL Background Thread 1 ] DEBUG GameApplicationServi - Initializing application scenes
21:19:19.379 [FXGL Background Thread 1 ] DEBUG FXGLAssetLoaderServi - Loading from file system: file:/C:/Users/info/OneDrive/Dokumente/java-workspace/baseGame/target/classes/assets/textures/gameBackgroundLoopable.png
21:19:19.421 [FXGL Background Thread 1 ] DEBUG FXGLAssetLoaderServi - Loading from file system: file:/C:/Users/info/OneDrive/Dokumente/java-workspace/baseGame/target/classes/assets/textures/ui/ui_loadingAnimation.png
21:19:19.708 [FXGL Background Thread 1 ] DEBUG GameWorld            - Game world initialized
21:19:19.732 [FXGL Background Thread 1 ] DEBUG PhysicsWorld         - Physics world initialized: appHeight=756, physics.ppm=50,0
21:19:19.734 [FXGL Background Thread 1 ] DEBUG PhysicsWorld         - Using strategy: BRUTE_FORCE
21:19:19.738 [FXGL Background Thread 1 ] DEBUG GameScene            - Game scene initialized: 1280x756
21:19:19.738 [FXGL Background Thread 1 ] DEBUG FXGLAssetLoaderServi - Loading from file system: file:/C:/Users/info/OneDrive/Dokumente/java-workspace/baseGame/target/classes/assets/textures/ui/ui_appIcon.png
21:19:19.777 [FXGL Background Thread 1 ] DEBUG FXGLAssetLoaderServi - Loading from file system: file:/C:/Users/info/OneDrive/Dokumente/java-workspace/baseGame/target/classes/assets/textures/ui/ui_sound_unmute_image.png
21:19:19.823 [FXGL Background Thread 1 ] DEBUG FXGLAssetLoaderServi - Loading from file system: file:/C:/Users/info/OneDrive/Dokumente/java-workspace/baseGame/target/classes/assets/textures/ui/ui_sound_muted_image.png
21:19:19.890 [FXGL Background Thread 1 ] DEBUG GameApplicationServi - Application scenes initialized
21:19:19.903 [FXGL Background Thread 1 ] DEBUG SystemBundleService  - Loading FXGL system data
21:19:19.903 [FXGL Background Thread 1 ] DEBUG FileSystemAccess     - Reading from: C:\Users\info\OneDrive\Dokumente\java-workspace\baseGame\system\fxgl.bundle
21:19:19.903 [FXGL Background Thread 1 ] DEBUG SystemBundleService  - Bundle FXGL: {}
21:19:19.903 [FXGL Background Thread 1 ] DEBUG UpdaterService       - Checking for updates
21:19:19.913 [FXGL Background Thread 4 ] DEBUG FXGLApplication      - Loading fonts
21:19:19.913 [FXGL Background Thread 1 ] DEBUG FXGLApplication      - Loading default localization
21:19:19.914 [FXGL Background Thread 4 ] DEBUG FXGLAssetLoaderServi - Loading from file system: file:/C:/Users/info/OneDrive/Dokumente/java-workspace/baseGame/target/classes/assets/ui/fonts/EagleLake.ttf
21:19:19.914 [FXGL Background Thread 1 ] DEBUG FXGLAssetLoaderServi - Loading from file system: jar:file:/C:/Users/info/.m2/repository/com/github/almasb/fxgl/21.1/fxgl-21.1.jar!/fxglassets/languages/german.lang
21:19:19.925 [FXGL Background Thread 1 ] WARN  LocalizationService  - server.version is not localized for language GERMAN
21:19:19.926 [FXGL Background Thread 1 ] WARN  LocalizationService  - menu.music is not localized for language GERMAN
21:19:19.926 [FXGL Background Thread 1 ] WARN  LocalizationService  - menu.sound is not localized for language GERMAN
21:19:19.926 [FXGL Background Thread 1 ] WARN  LocalizationService  - menu.controls_title is not localized for language GERMAN
21:19:19.926 [FXGL Background Thread 1 ] WARN  LocalizationService  - menu.jump is not localized for language GERMAN
21:19:19.926 [FXGL Background Thread 1 ] WARN  LocalizationService  - menu.restart is not localized for language GERMAN
21:19:19.926 [FXGL Background Thread 1 ] WARN  LocalizationService  - menu.windowed is not localized for language GERMAN
21:19:19.926 [FXGL Background Thread 1 ] WARN  LocalizationService  - menu.borderless is not localized for language GERMAN
21:19:19.926 [FXGL Background Thread 1 ] WARN  LocalizationService  - menu.language_title is not localized for language GERMAN
21:19:19.926 [FXGL Background Thread 1 ] WARN  LocalizationService  - menu.leaderboard_title is not localized for language GERMAN
21:19:19.926 [FXGL Background Thread 1 ] WARN  LocalizationService  - menu.credits_text is not localized for language GERMAN
21:19:19.927 [FXGL Background Thread 1 ] WARN  LocalizationService  - menu.exit_confirm is not localized for language GERMAN
21:19:19.927 [FXGL Background Thread 1 ] WARN  LocalizationService  - menu.mode is not localized for language GERMAN
21:19:19.927 [FXGL Background Thread 1 ] WARN  LocalizationService  - menu.windowed is not localized for language GERMAN
21:19:19.928 [FXGL Background Thread 1 ] INFO  FXGLApplication      - FXGL initialization took: 0,642 sec
21:19:19.933 [JavaFX Application Thread] DEBUG Input                - Registered new binding: Windowed - F10
21:19:19.935 [JavaFX Application Thread] DEBUG Input                - Registered new binding: Borderless - F11
21:19:19.935 [JavaFX Application Thread] DEBUG Input                - Registered new binding: Fullscreen - F12
21:19:19.935 [JavaFX Application Thread] DEBUG Input                - Registered new binding: jump - Space
21:19:19.935 [JavaFX Application Thread] DEBUG Input                - Registered new binding: Restart Game - Enter
21:19:19.935 [JavaFX Application Thread] DEBUG Input                - Registered new binding: toggle hitboxes - H
21:19:19.939 [JavaFX Application Thread] DEBUG FXGLAssetLoaderServi - Loading from file system: file:/C:/Users/info/OneDrive/Dokumente/java-workspace/baseGame/target/classes/assets/textures/ui/heart.png
21:19:19.996 [JavaFX Application Thread] DEBUG FXGLAssetLoaderServi - Loading from file system: file:/C:/Users/info/OneDrive/Dokumente/java-workspace/baseGame/target/classes/assets/textures/powerups/invulnerable.png
21:19:20.052 [JavaFX Application Thread] DEBUG FXGLAssetLoaderServi - Loading from file system: file:/C:/Users/info/OneDrive/Dokumente/java-workspace/baseGame/target/classes/assets/music/bgMusic.mp3
21:19:20.180 [JavaFX Application Thread] DEBUG FXGLAssetLoaderServi - Loading from file system: file:/C:/Users/info/OneDrive/Dokumente/java-workspace/baseGame/target/classes/assets/music/menuMusic.mp3
21:19:20.195 [JavaFX Application Thread] DEBUG FXGLAssetLoaderServi - Loading from file system: file:/C:/Users/info/OneDrive/Dokumente/java-workspace/baseGame/target/classes/assets/music/gameOverMusic.mp3
21:19:20.211 [JavaFX Application Thread] DEBUG FXGLAssetLoaderServi - Loading from file system: file:/C:/Users/info/OneDrive/Dokumente/java-workspace/baseGame/target/classes/assets/textures/barriers/topBarrier.png
21:19:20.216 [JavaFX Application Thread] DEBUG FXGLAssetLoaderServi - Loading from file system: file:/C:/Users/info/OneDrive/Dokumente/java-workspace/baseGame/target/classes/assets/textures/powerups/slowMotion.png
21:19:20.271 [JavaFX Application Thread] DEBUG FXGLAssetLoaderServi - Loading from file system: file:/C:/Users/info/OneDrive/Dokumente/java-workspace/baseGame/target/classes/assets/textures/powerups/x10Score.png
21:19:20.330 [JavaFX Application Thread] DEBUG FXGLAssetLoaderServi - Loading from file system: file:/C:/Users/info/OneDrive/Dokumente/java-workspace/baseGame/target/classes/assets/textures/powerups/invulnerable.png
21:19:20.364 [FXGL Background Thread 2 ] INFO  UpdaterService       - Your current version:  21.1
21:19:20.364 [FXGL Background Thread 2 ] INFO  UpdaterService       - Latest stable version: 25
21:19:20.386 [JavaFX Application Thread] DEBUG FXGLAssetLoaderServi - Loading from file system: file:/C:/Users/info/OneDrive/Dokumente/java-workspace/baseGame/target/classes/assets/textures/powerups/extraLife.png
21:19:20.431 [JavaFX Application Thread] DEBUG FXGLAssetLoaderServi - Loading from file system: file:/C:/Users/info/OneDrive/Dokumente/java-workspace/baseGame/target/classes/assets/sounds/gameOverSound.wav
21:19:20.438 [JavaFX Application Thread] DEBUG FXGLAssetLoaderServi - Loading from file system: file:/C:/Users/info/OneDrive/Dokumente/java-workspace/baseGame/target/classes/assets/textures/effects/crashEffect.png
21:19:20.456 [JavaFX Application Thread] DEBUG FXGLAssetLoaderServi - Loading from file system: file:/C:/Users/info/OneDrive/Dokumente/java-workspace/baseGame/target/classes/assets/textures/effects/pickupEffect.png
21:19:20.472 [JavaFX Application Thread] DEBUG FXGLAssetLoaderServi - Loading from file system: file:/C:/Users/info/OneDrive/Dokumente/java-workspace/baseGame/target/classes/assets/textures/effects/invulnerableEffect.png
21:19:20.483 [JavaFX Application Thread] DEBUG FXGLAssetLoaderServi - Loading from file system: file:/C:/Users/info/OneDrive/Dokumente/java-workspace/baseGame/target/classes/assets/textures/effects/slowMotionEffect.png
21:19:20.558 [JavaFX Application Thread] DEBUG FXGLAssetLoaderServi - Loading from file system: jar:file:/C:/Users/info/.m2/repository/com/github/almasb/fxgl/21.1/fxgl-21.1.jar!/fxglassets/textures/fxgl_default_cursor.png
21:19:20.559 [JavaFX Application Thread] DEBUG Input                - Registered new binding: Screenshot - CTRL+8
21:19:20.560 [JavaFX Application Thread] DEBUG Input                - Registered new binding: System info dump - CTRL+9
21:19:20.560 [JavaFX Application Thread] DEBUG Input                - Registered new binding: Restart - CTRL+R
21:19:20.560 [JavaFX Application Thread] DEBUG Input                - Registered new binding: Toggle Debug Camera - CTRL+7
21:19:20.562 [JavaFX Application Thread] DEBUG LoopRunner           - Starting loop
21:19:20.563 [JavaFX Application Thread] DEBUG LoopRunner           - Initializing JavaFX AnimationTimerLoop
21:19:20.564 [JavaFX Application Thread] DEBUG Input                - Clearing active input actions
21:19:20.572 [JavaFX Application Thread] DEBUG GameApplicationServi - Removing overlay from CustomStartupScene and adding to CustomIntroScene
21:19:20.574 [JavaFX Application Thread] DEBUG PrimaryStageWindow   - CustomStartupScene -> CustomIntroScene
21:19:20.579 [JavaFX Application Thread] DEBUG FXGLApplication      - Registering font factories with UI factory
21:19:22.912 [FXGL Background Thread 3 ] DEBUG Engine               - Logging environment variables
21:19:22.913 [FXGL Background Thread 3 ] DEBUG Engine               - achievements: []
21:19:22.913 [FXGL Background Thread 3 ] DEBUG Engine               - actualHeight: 756.0
21:19:22.913 [FXGL Background Thread 3 ] DEBUG Engine               - actualHeightProperty: ReadOnlyDoubleProperty [value: 756.0]
21:19:22.913 [FXGL Background Thread 3 ] DEBUG Engine               - actualWidth: 1280.0
21:19:22.913 [FXGL Background Thread 3 ] DEBUG Engine               - actualWidthProperty: ReadOnlyDoubleProperty [value: 1280.0]
21:19:22.913 [FXGL Background Thread 3 ] DEBUG Engine               - appIcon: ui/ui_appIcon.png
21:19:22.913 [FXGL Background Thread 3 ] DEBUG Engine               - applicationMode: DEVELOPER
21:19:22.913 [FXGL Background Thread 3 ] DEBUG Engine               - cSSList: [fxgl_dark.css]
21:19:22.913 [FXGL Background Thread 3 ] DEBUG Engine               - collisionDetectionStrategy: BRUTE_FORCE
21:19:22.913 [FXGL Background Thread 3 ] DEBUG Engine               - configClass: Optional.empty
21:19:22.913 [FXGL Background Thread 3 ] DEBUG Engine               - credits: []
21:19:22.913 [FXGL Background Thread 3 ] DEBUG Engine               - defaultCursor: CursorInfo(imageName=fxgl_default_cursor.png, hotspotX=7.0, hotspotY=6.0)
21:19:22.913 [FXGL Background Thread 3 ] DEBUG Engine               - devBBoxColorProperty: ObjectProperty [value: 0xff0000ff]
21:19:22.913 [FXGL Background Thread 3 ] DEBUG Engine               - devEnableDebugCameraProperty: BooleanProperty [value: false]
21:19:22.913 [FXGL Background Thread 3 ] DEBUG Engine               - devSensorColorProperty: ObjectProperty [value: 0xffff00ff]
21:19:22.913 [FXGL Background Thread 3 ] DEBUG Engine               - devShowBBoxProperty: BooleanProperty [value: false]
21:19:22.913 [FXGL Background Thread 3 ] DEBUG Engine               - devShowPositionProperty: BooleanProperty [value: false]
21:19:22.913 [FXGL Background Thread 3 ] DEBUG Engine               - enabledMenuItems: []
21:19:22.913 [FXGL Background Thread 3 ] DEBUG Engine               - engineServices: [class com.almasb.fxgl.app.services.FXGLAssetLoaderService, class com.almasb.fxgl.app.FXGLApplication$GameApplicationService, class com.almasb.fxgl.app.services.FXGLDialogService, class com.almasb.fxgl.app.services.IOTaskExecutorService, class com.almasb.fxgl.io.FileSystemService, class com.almasb.fxgl.localization.LocalizationService, class com.almasb.fxgl.app.services.SystemBundleService, class com.almasb.fxgl.profile.SaveLoadService, class com.almasb.fxgl.ui.FXGLUIFactoryServiceProvider, class com.almasb.fxgl.ui.FXGLDialogFactoryServiceProvider, class com.almasb.fxgl.audio.AudioPlayer, class com.almasb.fxgl.notification.impl.NotificationServiceProvider, class com.almasb.fxgl.achievement.AchievementService, class com.almasb.fxgl.cutscene.CutsceneService, class com.almasb.fxgl.minigames.MiniGameService, class com.almasb.fxgl.net.NetService, class com.almasb.fxgl.app.services.UpdaterService, class com.almasb.fxgl.dev.DevService]
21:19:22.915 [FXGL Background Thread 3 ] DEBUG Engine               - fontGame: EagleLake.ttf
21:19:22.915 [FXGL Background Thread 3 ] DEBUG Engine               - fontMono: EagleLake.ttf
21:19:22.915 [FXGL Background Thread 3 ] DEBUG Engine               - fontSizeScaleUI: 1.0
21:19:22.915 [FXGL Background Thread 3 ] DEBUG Engine               - fontText: EagleLake.ttf
21:19:22.915 [FXGL Background Thread 3 ] DEBUG Engine               - fontUI: EagleLake.ttf
21:19:22.915 [FXGL Background Thread 3 ] DEBUG Engine               - fullScreen: BooleanProperty [value: false]
21:19:22.915 [FXGL Background Thread 3 ] DEBUG Engine               - gameDifficulty: MEDIUM
21:19:22.915 [FXGL Background Thread 3 ] DEBUG Engine               - gameDifficultyProperty: ObjectProperty [value: MEDIUM]
21:19:22.915 [FXGL Background Thread 3 ] DEBUG Engine               - globalMusicVolume: 0.5
21:19:22.915 [FXGL Background Thread 3 ] DEBUG Engine               - globalMusicVolumeProperty: DoubleProperty [value: 0.5129870672921439]
21:19:22.915 [FXGL Background Thread 3 ] DEBUG Engine               - globalSoundVolume: 0.5
21:19:22.915 [FXGL Background Thread 3 ] DEBUG Engine               - globalSoundVolumeProperty: DoubleProperty [value: 0.31060606949812886]
21:19:22.915 [FXGL Background Thread 3 ] DEBUG Engine               - height: 756
21:19:22.915 [FXGL Background Thread 3 ] DEBUG Engine               - is3D: false
21:19:22.915 [FXGL Background Thread 3 ] DEBUG Engine               - isAndroid: false
21:19:22.915 [FXGL Background Thread 3 ] DEBUG Engine               - isBrowser: false
21:19:22.915 [FXGL Background Thread 3 ] DEBUG Engine               - isClickFeedbackEnabled: false
21:19:22.915 [FXGL Background Thread 3 ] DEBUG Engine               - isCloseConfirmation: false
21:19:22.915 [FXGL Background Thread 3 ] DEBUG Engine               - isDesktop: true
21:19:22.915 [FXGL Background Thread 3 ] DEBUG Engine               - isDeveloperMenuEnabled: false
21:19:22.915 [FXGL Background Thread 3 ] DEBUG Engine               - isEmbedded: false
21:19:22.915 [FXGL Background Thread 3 ] DEBUG Engine               - isEntityPreloadEnabled: true
21:19:22.915 [FXGL Background Thread 3 ] DEBUG Engine               - isExperimentalTiledLargeMap: false
21:19:22.915 [FXGL Background Thread 3 ] DEBUG Engine               - isFileSystemWriteAllowed: true
21:19:22.915 [FXGL Background Thread 3 ] DEBUG Engine               - isFullScreenAllowed: false
21:19:22.915 [FXGL Background Thread 3 ] DEBUG Engine               - isFullScreenFromStart: false
21:19:22.915 [FXGL Background Thread 3 ] DEBUG Engine               - isGameMenuEnabled: true
21:19:22.915 [FXGL Background Thread 3 ] DEBUG Engine               - isIOS: false
21:19:22.915 [FXGL Background Thread 3 ] DEBUG Engine               - isIntroEnabled: true
21:19:22.915 [FXGL Background Thread 3 ] DEBUG Engine               - isLinux: false
21:19:22.915 [FXGL Background Thread 3 ] DEBUG Engine               - isMac: false
21:19:22.915 [FXGL Background Thread 3 ] DEBUG Engine               - isMainMenuEnabled: false
21:19:22.915 [FXGL Background Thread 3 ] DEBUG Engine               - isManualResizeEnabled: false
21:19:22.915 [FXGL Background Thread 3 ] DEBUG Engine               - isMobile: false
21:19:22.915 [FXGL Background Thread 3 ] DEBUG Engine               - isNative: false
21:19:22.915 [FXGL Background Thread 3 ] DEBUG Engine               - isPauseMusicWhenMinimized: true
21:19:22.915 [FXGL Background Thread 3 ] DEBUG Engine               - isPreserveResizeRatio: false
21:19:22.915 [FXGL Background Thread 3 ] DEBUG Engine               - isProfilingEnabled: false
21:19:22.915 [FXGL Background Thread 3 ] DEBUG Engine               - isScaleAffectedOnResize: true
21:19:22.915 [FXGL Background Thread 3 ] DEBUG Engine               - isSingleStep: false
21:19:22.915 [FXGL Background Thread 3 ] DEBUG Engine               - isUserProfileEnabled: false
21:19:22.915 [FXGL Background Thread 3 ] DEBUG Engine               - isWindows: true
21:19:22.915 [FXGL Background Thread 3 ] DEBUG Engine               - language: ObjectProperty [value: GERMAN]
21:19:22.915 [FXGL Background Thread 3 ] DEBUG Engine               - menuKey: F24
21:19:22.915 [FXGL Background Thread 3 ] DEBUG Engine               - mouseSensitivity: 0.2
21:19:22.915 [FXGL Background Thread 3 ] DEBUG Engine               - notificationViewClass: class com.almasb.fxgl.notification.view.XboxNotificationView
21:19:22.915 [FXGL Background Thread 3 ] DEBUG Engine               - pixelsPerMeter: 50.0
21:19:22.915 [FXGL Background Thread 3 ] DEBUG Engine               - platform: WINDOWS
21:19:22.915 [FXGL Background Thread 3 ] DEBUG Engine               - prefHeightProperty: ReadOnlyDoubleProperty [value: 756.0]
21:19:22.915 [FXGL Background Thread 3 ] DEBUG Engine               - prefWidthProperty: ReadOnlyDoubleProperty [value: 1280.0]
21:19:22.915 [FXGL Background Thread 3 ] DEBUG Engine               - profileDir: profiles/
21:19:22.915 [FXGL Background Thread 3 ] DEBUG Engine               - profileName: StringProperty [value: DEFAULT]
21:19:22.915 [FXGL Background Thread 3 ] DEBUG Engine               - randomSeed: -1
21:19:22.915 [FXGL Background Thread 3 ] DEBUG Engine               - runtimeInfo: RuntimeInfo(platform=WINDOWS, version=21.1, build=27.03.2024 07.52)
21:19:22.915 [FXGL Background Thread 3 ] DEBUG Engine               - saveFileExt: sav
21:19:22.915 [FXGL Background Thread 3 ] DEBUG Engine               - scaledHeightProp$fxgl: DoubleProperty [bound, value: 756.0]
21:19:22.915 [FXGL Background Thread 3 ] DEBUG Engine               - scaledWidthProp$fxgl: DoubleProperty [bound, value: 1280.0]
21:19:22.915 [FXGL Background Thread 3 ] DEBUG Engine               - sceneFactory: Mark.baseGame.SceneFactory@7e4cc749
21:19:22.915 [FXGL Background Thread 3 ] DEBUG Engine               - secondsIn24h: 60
21:19:22.915 [FXGL Background Thread 3 ] DEBUG Engine               - soundMenuBack: menu/back.wav
21:19:22.915 [FXGL Background Thread 3 ] DEBUG Engine               - soundMenuPress: menu/press.wav
21:19:22.915 [FXGL Background Thread 3 ] DEBUG Engine               - soundMenuSelect: menu/select.wav
21:19:22.915 [FXGL Background Thread 3 ] DEBUG Engine               - soundNotification: core/notification.wav
21:19:22.915 [FXGL Background Thread 3 ] DEBUG Engine               - stageStyle: UNDECORATED
21:19:22.915 [FXGL Background Thread 3 ] DEBUG Engine               - supportedLanguages: [ENGLISH, FRENCH, GERMAN, HUNGARIAN, RUSSIAN]
21:19:22.915 [FXGL Background Thread 3 ] DEBUG Engine               - ticksPerSecond: -1
21:19:22.915 [FXGL Background Thread 3 ] DEBUG Engine               - title: Saelly the Flying Witch
21:19:22.915 [FXGL Background Thread 3 ] DEBUG Engine               - urlGithub: https://github.com/AlmasB/FXGL
21:19:22.915 [FXGL Background Thread 3 ] DEBUG Engine               - urlLeaderboard: http://fxgl-top.herokuapp.com/
21:19:22.916 [FXGL Background Thread 3 ] DEBUG Engine               - urlPOM: https://raw.githubusercontent.com/AlmasB/FXGL/release/README.md
21:19:22.916 [FXGL Background Thread 3 ] DEBUG Engine               - userAppClass: class Mark.baseGame.SaellyApp
21:19:22.916 [FXGL Background Thread 3 ] DEBUG Engine               - version: 0.1.1 - Alpha 1
21:19:22.916 [FXGL Background Thread 3 ] DEBUG Engine               - versionCheckDays: 7
21:19:22.916 [FXGL Background Thread 3 ] DEBUG Engine               - width: 1280
21:19:22.916 [FXGL Background Thread 3 ] DEBUG Engine               - Logging services
21:19:22.916 [FXGL Background Thread 3 ] DEBUG Engine               - class com.almasb.fxgl.app.services.FXGLAssetLoaderService
21:19:22.916 [FXGL Background Thread 3 ] DEBUG Engine               - class com.almasb.fxgl.app.FXGLApplication$GameApplicationService
21:19:22.916 [FXGL Background Thread 3 ] DEBUG Engine               - class com.almasb.fxgl.app.services.FXGLDialogService
21:19:22.916 [FXGL Background Thread 3 ] DEBUG Engine               - class com.almasb.fxgl.app.services.IOTaskExecutorService
21:19:22.916 [FXGL Background Thread 3 ] DEBUG Engine               - class com.almasb.fxgl.io.FileSystemService
21:19:22.916 [FXGL Background Thread 3 ] DEBUG Engine               - class com.almasb.fxgl.localization.LocalizationService
21:19:22.916 [FXGL Background Thread 3 ] DEBUG Engine               - class com.almasb.fxgl.app.services.SystemBundleService
21:19:22.916 [FXGL Background Thread 3 ] DEBUG Engine               - class com.almasb.fxgl.profile.SaveLoadService
21:19:22.916 [FXGL Background Thread 3 ] DEBUG Engine               - class com.almasb.fxgl.ui.FXGLUIFactoryServiceProvider
21:19:22.916 [FXGL Background Thread 3 ] DEBUG Engine               - class com.almasb.fxgl.ui.FXGLDialogFactoryServiceProvider
21:19:22.916 [FXGL Background Thread 3 ] DEBUG Engine               - class com.almasb.fxgl.audio.AudioPlayer
21:19:22.916 [FXGL Background Thread 3 ] DEBUG Engine               - class com.almasb.fxgl.notification.impl.NotificationServiceProvider
21:19:22.916 [FXGL Background Thread 3 ] DEBUG Engine               - class com.almasb.fxgl.achievement.AchievementService
21:19:22.916 [FXGL Background Thread 3 ] DEBUG Engine               - class com.almasb.fxgl.cutscene.CutsceneService
21:19:22.916 [FXGL Background Thread 3 ] DEBUG Engine               - class com.almasb.fxgl.minigames.MiniGameService
21:19:22.916 [FXGL Background Thread 3 ] DEBUG Engine               - class com.almasb.fxgl.net.NetService
21:19:22.916 [FXGL Background Thread 3 ] DEBUG Engine               - class com.almasb.fxgl.app.services.UpdaterService
21:19:22.916 [FXGL Background Thread 3 ] DEBUG Engine               - class com.almasb.fxgl.dev.DevService
21:19:23.579 [JavaFX Application Thread] DEBUG GameApplicationServi - Starting new game
21:19:23.579 [JavaFX Application Thread] DEBUG Input                - Clearing active input actions
21:19:23.588 [JavaFX Application Thread] DEBUG GameApplicationServi - Removing overlay from CustomIntroScene and adding to CustomLoadingScene
21:19:23.589 [JavaFX Application Thread] DEBUG PrimaryStageWindow   - CustomIntroScene -> CustomLoadingScene
21:19:23.589 [JavaFX Application Thread] DEBUG GameApplicationServi - Clearing previous game
21:19:23.589 [JavaFX Application Thread] DEBUG GameScene            - Clearing game scene
21:19:23.589 [JavaFX Application Thread] DEBUG GameWorld            - Clearing game world
21:19:23.589 [JavaFX Application Thread] DEBUG PhysicsWorld         - Clearing physics world
21:19:23.589 [FXGL Background Thread 2 ] DEBUG FXGLApplication      - Initializing game
21:19:27.591 [FXGL Background Thread 2 ] DEBUG AudioPlayer          - Stopping music com.almasb.fxgl.audio.Music@fbbb143
21:19:27.592 [FXGL Background Thread 2 ] DEBUG AudioPlayer          - Stopping music com.almasb.fxgl.audio.Music@41eaaf71
21:19:27.593 [FXGL Background Thread 2 ] DEBUG AudioPlayer          - Stopping music com.almasb.fxgl.audio.Music@200c295b
21:19:27.593 [FXGL Background Thread 2 ] DEBUG AudioPlayer          - Playing music com.almasb.fxgl.audio.Music@200c295b
21:19:27.607 [FXGL Background Thread 2 ] DEBUG FXGLAssetLoaderServi - Loading from file system: file:/C:/Users/info/OneDrive/Dokumente/java-workspace/baseGame/target/classes/assets/textures/player/SaellyJump.png
21:19:27.630 [FXGL Background Thread 2 ] DEBUG FXGLAssetLoaderServi - Loading from file system: file:/C:/Users/info/OneDrive/Dokumente/java-workspace/baseGame/target/classes/assets/sounds/Jump.wav
21:19:27.631 [FXGL Background Thread 2 ] DEBUG FXGLAssetLoaderServi - Loading from file system: file:/C:/Users/info/OneDrive/Dokumente/java-workspace/baseGame/target/classes/assets/textures/gameBackgroundLoopable.png
21:19:27.631 [FXGL Background Thread 2 ] INFO  FXGLApplication      - Game initialization took: 4,124 sec
21:19:28.189 [JavaFX Application Thread] DEBUG Input                - Clearing active input actions
21:19:28.196 [JavaFX Application Thread] DEBUG GameApplicationServi - Removing overlay from CustomLoadingScene and adding to GameScene
21:19:28.196 [JavaFX Application Thread] DEBUG PrimaryStageWindow   - CustomLoadingScene -> GameScene
21:19:28.717 [JavaFX Application Thread] DEBUG PrimaryStageWindow   - Push state: CustomPauseMenuScene
21:19:28.718 [JavaFX Application Thread] DEBUG Input                - Clearing active input actions
21:19:28.723 [JavaFX Application Thread] DEBUG AudioPlayer          - Pausing music com.almasb.fxgl.audio.Music@200c295b
21:19:28.723 [JavaFX Application Thread] DEBUG AudioPlayer          - Playing music com.almasb.fxgl.audio.Music@41eaaf71
21:19:28.723 [JavaFX Application Thread] DEBUG GameApplicationServi - Removing overlay from GameScene and adding to CustomPauseMenuScene
21:19:28.723 [JavaFX Application Thread] DEBUG PrimaryStageWindow   - GameScene -> CustomPauseMenuScene
21:19:28.735 [JavaFX Application Thread] WARN  LocalizationService  - menu.leaderboard is not localized for language GERMAN
21:19:28.736 [JavaFX Application Thread] WARN  LocalizationService  - menu.mainmenu is not localized for language GERMAN
21:19:28.762 [JavaFX Application Thread] WARN  LocalizationService  - menu.lang_de is not localized for language GERMAN
21:19:28.763 [JavaFX Application Thread] WARN  LocalizationService  - menu.lang_en is not localized for language GERMAN
21:19:28.776 [JavaFX Application Thread] WARN  LocalizationService  - menu.yes is not localized for language GERMAN
21:19:28.778 [JavaFX Application Thread] WARN  LocalizationService  - menu.no is not localized for language GERMAN
21:19:36.076 [JavaFX Application Thread] DEBUG FXGLApplication      - Exiting FXGL
21:19:36.076 [JavaFX Application Thread] DEBUG LoopRunner           - Stopping loop
21:19:36.076 [JavaFX Application Thread] DEBUG SystemBundleService  - Saving FXGL system data
21:19:36.078 [JavaFX Application Thread] DEBUG FileSystemAccess     - Writing to: C:\Users\info\OneDrive\Dokumente\java-workspace\baseGame\system\fxgl.bundle
21:19:36.079 [JavaFX Application Thread] DEBUG Async                - Shutting down background threads
21:19:36.079 [JavaFX Application Thread] DEBUG PrimaryStageWindow   - Closing main window
21:19:36.108 [JavaFX Application Thread] DEBUG Logger               - Closing Logger
