20:17:14.327 [main                     ] DEBUG Logger               - Configured Logger
20:17:14.335 [main                     ] DEBUG GameApplication      - Logging settings
Title: Saelly the Flying Witch
Version: 0.1.1 - Alpha 1
Width: 1280
Height: 756
Fullscreen: false
Intro: true
Profiling: false
Single step:false
App Mode: DEVELOPER
Menu Key: F24
Stage Style: UNDECORATED
Scene Factory: class Mark.baseGame.SceneFactory

20:17:14.668 [JavaFX Application Thread] DEBUG FXGLApplication      - Initializing FXGL
20:17:14.673 [JavaFX Application Thread] INFO  Engine               - FXGL-21.1 (27.03.2024 07.52) on WINDOWS (J:26.0.1 FX:21)
20:17:14.674 [JavaFX Application Thread] DEBUG Engine               - JRE Vendor Name: Oracle Corporation
20:17:14.674 [JavaFX Application Thread] DEBUG Engine               - Running on OS: Windows 11 version 10.0
20:17:14.674 [JavaFX Application Thread] DEBUG Engine               - Architecture: amd64
20:17:14.674 [JavaFX Application Thread] INFO  Engine               - Source code and latest versions at: https://github.com/AlmasB/FXGL
20:17:14.674 [JavaFX Application Thread] INFO  Engine               -       Ask questions and discuss at: https://github.com/AlmasB/FXGL/discussions
20:17:14.674 [JavaFX Application Thread] INFO  Engine               -              Join the FXGL chat at: https://gitter.im/AlmasB/FXGL
20:17:14.872 [JavaFX Application Thread] DEBUG PrimaryStageWindow   - Creating a JavaFX scene
20:17:14.919 [JavaFX Application Thread] DEBUG PrimaryStageWindow   - Target settings size: 1280.0 x 756.0
20:17:14.920 [JavaFX Application Thread] DEBUG PrimaryStageWindow   - Scaled scene size:    1280.0 x 756.0
20:17:14.920 [JavaFX Application Thread] DEBUG PrimaryStageWindow   - Scaled ratio: (1.0, 1.0)
20:17:14.921 [JavaFX Application Thread] DEBUG PrimaryStageWindow   - Set initial scene to CustomStartupScene
20:17:14.923 [JavaFX Application Thread] DEBUG PrimaryStageWindow   - Opening main window
20:17:15.027 [JavaFX Application Thread] DEBUG PrimaryStageWindow   - Window border size: (0.0, 0.0)
20:17:15.028 [JavaFX Application Thread] DEBUG PrimaryStageWindow   - Scaled size: 1280.0 x 756.0
20:17:15.028 [JavaFX Application Thread] DEBUG PrimaryStageWindow   - Scaled ratio: (1.0, 1.0)
20:17:15.028 [JavaFX Application Thread] DEBUG PrimaryStageWindow   - Scene size: 1280.0 x 756.0
20:17:15.028 [JavaFX Application Thread] DEBUG PrimaryStageWindow   - Stage size: 1280.0 x 756.0
20:17:15.034 [FXGL Background Thread 1 ] DEBUG Engine               - Initializing environment variables
20:17:15.066 [FXGL Background Thread 1 ] DEBUG FXGLAssetLoaderServi - User app class for loading assets: class Mark.baseGame.SaellyApp
20:17:15.066 [FXGL Background Thread 1 ] DEBUG GameApplicationServi - Applying CSS: fxgl_dark.css
20:17:15.067 [FXGL Background Thread 1 ] DEBUG FXGLAssetLoaderServi - Loading from file system: jar:file:/C:/Users/info/.m2/repository/com/github/almasb/fxgl/21.1/fxgl-21.1.jar!/fxglassets/ui/css/fxgl_dark.css
20:17:15.102 [FXGL Background Thread 1 ] DEBUG GameApplicationServi - Initializing application scenes
20:17:15.104 [FXGL Background Thread 1 ] DEBUG FXGLAssetLoaderServi - Loading from file system: file:/C:/Users/info/OneDrive/Dokumente/java-workspace/baseGame/target/classes/assets/textures/gameBackgroundLoopable.png
20:17:15.145 [FXGL Background Thread 1 ] DEBUG FXGLAssetLoaderServi - Loading from file system: file:/C:/Users/info/OneDrive/Dokumente/java-workspace/baseGame/target/classes/assets/textures/ui/ui_loadingAnimation.png
20:17:15.401 [FXGL Background Thread 1 ] DEBUG GameWorld            - Game world initialized
20:17:15.430 [FXGL Background Thread 1 ] DEBUG PhysicsWorld         - Physics world initialized: appHeight=756, physics.ppm=50,0
20:17:15.431 [FXGL Background Thread 1 ] DEBUG PhysicsWorld         - Using strategy: BRUTE_FORCE
20:17:15.436 [FXGL Background Thread 1 ] DEBUG GameScene            - Game scene initialized: 1280x756
20:17:15.437 [FXGL Background Thread 1 ] DEBUG FXGLAssetLoaderServi - Loading from file system: file:/C:/Users/info/OneDrive/Dokumente/java-workspace/baseGame/target/classes/assets/textures/ui/ui_appIcon.png
20:17:15.474 [FXGL Background Thread 1 ] DEBUG FXGLAssetLoaderServi - Loading from file system: file:/C:/Users/info/OneDrive/Dokumente/java-workspace/baseGame/target/classes/assets/textures/ui/ui_sound_unmute_image.png
20:17:15.522 [FXGL Background Thread 1 ] DEBUG FXGLAssetLoaderServi - Loading from file system: file:/C:/Users/info/OneDrive/Dokumente/java-workspace/baseGame/target/classes/assets/textures/ui/ui_sound_muted_image.png
20:17:15.593 [FXGL Background Thread 1 ] DEBUG GameApplicationServi - Application scenes initialized
20:17:15.602 [FXGL Background Thread 1 ] DEBUG SystemBundleService  - Loading FXGL system data
20:17:15.604 [FXGL Background Thread 1 ] DEBUG FileSystemAccess     - Reading from: C:\Users\info\OneDrive\Dokumente\java-workspace\baseGame\system\fxgl.bundle
20:17:15.606 [FXGL Background Thread 1 ] DEBUG SystemBundleService  - Bundle FXGL: {}
20:17:15.606 [FXGL Background Thread 1 ] DEBUG UpdaterService       - Checking for updates
20:17:15.608 [FXGL Background Thread 4 ] DEBUG FXGLApplication      - Loading fonts
20:17:15.610 [FXGL Background Thread 1 ] DEBUG FXGLApplication      - Loading default localization
20:17:15.611 [FXGL Background Thread 1 ] DEBUG FXGLAssetLoaderServi - Loading from file system: jar:file:/C:/Users/info/.m2/repository/com/github/almasb/fxgl/21.1/fxgl-21.1.jar!/fxglassets/languages/german.lang
20:17:15.611 [FXGL Background Thread 4 ] DEBUG FXGLAssetLoaderServi - Loading from file system: file:/C:/Users/info/OneDrive/Dokumente/java-workspace/baseGame/target/classes/assets/ui/fonts/EagleLake.ttf
20:17:15.621 [FXGL Background Thread 1 ] WARN  LocalizationService  - server.version is not localized for language GERMAN
20:17:15.621 [FXGL Background Thread 1 ] WARN  LocalizationService  - menu.music is not localized for language GERMAN
20:17:15.621 [FXGL Background Thread 1 ] WARN  LocalizationService  - menu.sound is not localized for language GERMAN
20:17:15.621 [FXGL Background Thread 1 ] WARN  LocalizationService  - menu.controls_title is not localized for language GERMAN
20:17:15.621 [FXGL Background Thread 1 ] WARN  LocalizationService  - menu.jump is not localized for language GERMAN
20:17:15.621 [FXGL Background Thread 1 ] WARN  LocalizationService  - menu.restart is not localized for language GERMAN
20:17:15.621 [FXGL Background Thread 1 ] WARN  LocalizationService  - menu.windowed is not localized for language GERMAN
20:17:15.621 [FXGL Background Thread 1 ] WARN  LocalizationService  - menu.borderless is not localized for language GERMAN
20:17:15.621 [FXGL Background Thread 1 ] WARN  LocalizationService  - menu.language_title is not localized for language GERMAN
20:17:15.621 [FXGL Background Thread 1 ] WARN  LocalizationService  - menu.leaderboard_title is not localized for language GERMAN
20:17:15.621 [FXGL Background Thread 1 ] WARN  LocalizationService  - menu.credits_text is not localized for language GERMAN
20:17:15.621 [FXGL Background Thread 1 ] WARN  LocalizationService  - menu.exit_confirm is not localized for language GERMAN
20:17:15.622 [FXGL Background Thread 1 ] WARN  LocalizationService  - menu.mode is not localized for language GERMAN
20:17:15.622 [FXGL Background Thread 1 ] INFO  FXGLApplication      - FXGL initialization took: 0,589 sec
20:17:15.628 [JavaFX Application Thread] DEBUG Input                - Registered new binding: Windowed - F10
20:17:15.628 [JavaFX Application Thread] DEBUG Input                - Registered new binding: Borderless - F11
20:17:15.628 [JavaFX Application Thread] DEBUG Input                - Registered new binding: Fullscreen - F12
20:17:15.628 [JavaFX Application Thread] DEBUG Input                - Registered new binding: jump - Space
20:17:15.631 [JavaFX Application Thread] DEBUG Input                - Registered new binding: Restart Game - Enter
20:17:15.631 [JavaFX Application Thread] DEBUG Input                - Registered new binding: toggle hitboxes - H
20:17:15.632 [JavaFX Application Thread] DEBUG FXGLAssetLoaderServi - Loading from file system: file:/C:/Users/info/OneDrive/Dokumente/java-workspace/baseGame/target/classes/assets/textures/ui/heart.png
20:17:15.690 [JavaFX Application Thread] DEBUG FXGLAssetLoaderServi - Loading from file system: file:/C:/Users/info/OneDrive/Dokumente/java-workspace/baseGame/target/classes/assets/textures/powerups/invulnerable.png
20:17:15.735 [JavaFX Application Thread] DEBUG FXGLAssetLoaderServi - Loading from file system: file:/C:/Users/info/OneDrive/Dokumente/java-workspace/baseGame/target/classes/assets/music/bgMusic.mp3
20:17:15.844 [JavaFX Application Thread] DEBUG FXGLAssetLoaderServi - Loading from file system: file:/C:/Users/info/OneDrive/Dokumente/java-workspace/baseGame/target/classes/assets/music/menuMusic.mp3
20:17:15.855 [JavaFX Application Thread] DEBUG FXGLAssetLoaderServi - Loading from file system: file:/C:/Users/info/OneDrive/Dokumente/java-workspace/baseGame/target/classes/assets/music/gameOverMusic.mp3
20:17:15.866 [JavaFX Application Thread] DEBUG FXGLAssetLoaderServi - Loading from file system: file:/C:/Users/info/OneDrive/Dokumente/java-workspace/baseGame/target/classes/assets/textures/barriers/topBarrier.png
20:17:15.871 [JavaFX Application Thread] DEBUG FXGLAssetLoaderServi - Loading from file system: file:/C:/Users/info/OneDrive/Dokumente/java-workspace/baseGame/target/classes/assets/textures/powerups/slowMotion.png
20:17:15.943 [JavaFX Application Thread] DEBUG FXGLAssetLoaderServi - Loading from file system: file:/C:/Users/info/OneDrive/Dokumente/java-workspace/baseGame/target/classes/assets/textures/powerups/x10Score.png
20:17:15.959 [FXGL Background Thread 2 ] INFO  UpdaterService       - Your current version:  21.1
20:17:15.960 [FXGL Background Thread 2 ] INFO  UpdaterService       - Latest stable version: 25
20:17:15.996 [JavaFX Application Thread] DEBUG FXGLAssetLoaderServi - Loading from file system: file:/C:/Users/info/OneDrive/Dokumente/java-workspace/baseGame/target/classes/assets/textures/powerups/invulnerable.png
20:17:16.047 [JavaFX Application Thread] DEBUG FXGLAssetLoaderServi - Loading from file system: file:/C:/Users/info/OneDrive/Dokumente/java-workspace/baseGame/target/classes/assets/textures/powerups/extraLife.png
20:17:16.091 [JavaFX Application Thread] DEBUG FXGLAssetLoaderServi - Loading from file system: file:/C:/Users/info/OneDrive/Dokumente/java-workspace/baseGame/target/classes/assets/sounds/gameOverSound.wav
20:17:16.098 [JavaFX Application Thread] DEBUG FXGLAssetLoaderServi - Loading from file system: file:/C:/Users/info/OneDrive/Dokumente/java-workspace/baseGame/target/classes/assets/textures/effects/crashEffect.png
20:17:16.114 [JavaFX Application Thread] DEBUG FXGLAssetLoaderServi - Loading from file system: file:/C:/Users/info/OneDrive/Dokumente/java-workspace/baseGame/target/classes/assets/textures/effects/pickupEffect.png
20:17:16.132 [JavaFX Application Thread] DEBUG FXGLAssetLoaderServi - Loading from file system: file:/C:/Users/info/OneDrive/Dokumente/java-workspace/baseGame/target/classes/assets/textures/effects/invulnerableEffect.png
20:17:16.143 [JavaFX Application Thread] DEBUG FXGLAssetLoaderServi - Loading from file system: file:/C:/Users/info/OneDrive/Dokumente/java-workspace/baseGame/target/classes/assets/textures/effects/slowMotionEffect.png
20:17:16.222 [JavaFX Application Thread] DEBUG FXGLAssetLoaderServi - Loading from file system: jar:file:/C:/Users/info/.m2/repository/com/github/almasb/fxgl/21.1/fxgl-21.1.jar!/fxglassets/textures/fxgl_default_cursor.png
20:17:16.224 [JavaFX Application Thread] DEBUG Input                - Registered new binding: Screenshot - CTRL+8
20:17:16.224 [JavaFX Application Thread] DEBUG Input                - Registered new binding: System info dump - CTRL+9
20:17:16.224 [JavaFX Application Thread] DEBUG Input                - Registered new binding: Restart - CTRL+R
20:17:16.224 [JavaFX Application Thread] DEBUG Input                - Registered new binding: Toggle Debug Camera - CTRL+7
20:17:16.225 [JavaFX Application Thread] DEBUG LoopRunner           - Starting loop
20:17:16.225 [JavaFX Application Thread] DEBUG LoopRunner           - Initializing JavaFX AnimationTimerLoop
20:17:16.226 [JavaFX Application Thread] DEBUG Input                - Clearing active input actions
20:17:16.231 [JavaFX Application Thread] DEBUG GameApplicationServi - Removing overlay from CustomStartupScene and adding to CustomIntroScene
20:17:16.234 [JavaFX Application Thread] DEBUG PrimaryStageWindow   - CustomStartupScene -> CustomIntroScene
20:17:16.238 [JavaFX Application Thread] DEBUG FXGLApplication      - Registering font factories with UI factory
20:17:18.612 [FXGL Background Thread 3 ] DEBUG Engine               - Logging environment variables
20:17:18.612 [FXGL Background Thread 3 ] DEBUG Engine               - achievements: []
20:17:18.612 [FXGL Background Thread 3 ] DEBUG Engine               - actualHeight: 756.0
20:17:18.612 [FXGL Background Thread 3 ] DEBUG Engine               - actualHeightProperty: ReadOnlyDoubleProperty [value: 756.0]
20:17:18.612 [FXGL Background Thread 3 ] DEBUG Engine               - actualWidth: 1280.0
20:17:18.612 [FXGL Background Thread 3 ] DEBUG Engine               - actualWidthProperty: ReadOnlyDoubleProperty [value: 1280.0]
20:17:18.612 [FXGL Background Thread 3 ] DEBUG Engine               - appIcon: ui/ui_appIcon.png
20:17:18.612 [FXGL Background Thread 3 ] DEBUG Engine               - applicationMode: DEVELOPER
20:17:18.612 [FXGL Background Thread 3 ] DEBUG Engine               - cSSList: [fxgl_dark.css]
20:17:18.612 [FXGL Background Thread 3 ] DEBUG Engine               - collisionDetectionStrategy: BRUTE_FORCE
20:17:18.612 [FXGL Background Thread 3 ] DEBUG Engine               - configClass: Optional.empty
20:17:18.612 [FXGL Background Thread 3 ] DEBUG Engine               - credits: []
20:17:18.612 [FXGL Background Thread 3 ] DEBUG Engine               - defaultCursor: CursorInfo(imageName=fxgl_default_cursor.png, hotspotX=7.0, hotspotY=6.0)
20:17:18.612 [FXGL Background Thread 3 ] DEBUG Engine               - devBBoxColorProperty: ObjectProperty [value: 0xff0000ff]
20:17:18.612 [FXGL Background Thread 3 ] DEBUG Engine               - devEnableDebugCameraProperty: BooleanProperty [value: false]
20:17:18.612 [FXGL Background Thread 3 ] DEBUG Engine               - devSensorColorProperty: ObjectProperty [value: 0xffff00ff]
20:17:18.612 [FXGL Background Thread 3 ] DEBUG Engine               - devShowBBoxProperty: BooleanProperty [value: false]
20:17:18.612 [FXGL Background Thread 3 ] DEBUG Engine               - devShowPositionProperty: BooleanProperty [value: false]
20:17:18.612 [FXGL Background Thread 3 ] DEBUG Engine               - enabledMenuItems: []
20:17:18.612 [FXGL Background Thread 3 ] DEBUG Engine               - engineServices: [class com.almasb.fxgl.app.services.FXGLAssetLoaderService, class com.almasb.fxgl.app.FXGLApplication$GameApplicationService, class com.almasb.fxgl.app.services.FXGLDialogService, class com.almasb.fxgl.app.services.IOTaskExecutorService, class com.almasb.fxgl.io.FileSystemService, class com.almasb.fxgl.localization.LocalizationService, class com.almasb.fxgl.app.services.SystemBundleService, class com.almasb.fxgl.profile.SaveLoadService, class com.almasb.fxgl.ui.FXGLUIFactoryServiceProvider, class com.almasb.fxgl.ui.FXGLDialogFactoryServiceProvider, class com.almasb.fxgl.audio.AudioPlayer, class com.almasb.fxgl.notification.impl.NotificationServiceProvider, class com.almasb.fxgl.achievement.AchievementService, class com.almasb.fxgl.cutscene.CutsceneService, class com.almasb.fxgl.minigames.MiniGameService, class com.almasb.fxgl.net.NetService, class com.almasb.fxgl.app.services.UpdaterService, class com.almasb.fxgl.dev.DevService]
20:17:18.612 [FXGL Background Thread 3 ] DEBUG Engine               - fontGame: EagleLake.ttf
20:17:18.612 [FXGL Background Thread 3 ] DEBUG Engine               - fontMono: EagleLake.ttf
20:17:18.612 [FXGL Background Thread 3 ] DEBUG Engine               - fontSizeScaleUI: 1.0
20:17:18.612 [FXGL Background Thread 3 ] DEBUG Engine               - fontText: EagleLake.ttf
20:17:18.612 [FXGL Background Thread 3 ] DEBUG Engine               - fontUI: EagleLake.ttf
20:17:18.612 [FXGL Background Thread 3 ] DEBUG Engine               - fullScreen: BooleanProperty [value: false]
20:17:18.612 [FXGL Background Thread 3 ] DEBUG Engine               - gameDifficulty: MEDIUM
20:17:18.612 [FXGL Background Thread 3 ] DEBUG Engine               - gameDifficultyProperty: ObjectProperty [value: MEDIUM]
20:17:18.612 [FXGL Background Thread 3 ] DEBUG Engine               - globalMusicVolume: 0.5
20:17:18.612 [FXGL Background Thread 3 ] DEBUG Engine               - globalMusicVolumeProperty: DoubleProperty [value: 0.31060606949812886]
20:17:18.612 [FXGL Background Thread 3 ] DEBUG Engine               - globalSoundVolume: 0.5
20:17:18.612 [FXGL Background Thread 3 ] DEBUG Engine               - globalSoundVolumeProperty: DoubleProperty [value: 0.31060606949812886]
20:17:18.612 [FXGL Background Thread 3 ] DEBUG Engine               - height: 756
20:17:18.612 [FXGL Background Thread 3 ] DEBUG Engine               - is3D: false
20:17:18.612 [FXGL Background Thread 3 ] DEBUG Engine               - isAndroid: false
20:17:18.612 [FXGL Background Thread 3 ] DEBUG Engine               - isBrowser: false
20:17:18.612 [FXGL Background Thread 3 ] DEBUG Engine               - isClickFeedbackEnabled: false
20:17:18.612 [FXGL Background Thread 3 ] DEBUG Engine               - isCloseConfirmation: false
20:17:18.612 [FXGL Background Thread 3 ] DEBUG Engine               - isDesktop: true
20:17:18.612 [FXGL Background Thread 3 ] DEBUG Engine               - isDeveloperMenuEnabled: false
20:17:18.612 [FXGL Background Thread 3 ] DEBUG Engine               - isEmbedded: false
20:17:18.612 [FXGL Background Thread 3 ] DEBUG Engine               - isEntityPreloadEnabled: true
20:17:18.612 [FXGL Background Thread 3 ] DEBUG Engine               - isExperimentalTiledLargeMap: false
20:17:18.612 [FXGL Background Thread 3 ] DEBUG Engine               - isFileSystemWriteAllowed: true
20:17:18.612 [FXGL Background Thread 3 ] DEBUG Engine               - isFullScreenAllowed: false
20:17:18.612 [FXGL Background Thread 3 ] DEBUG Engine               - isFullScreenFromStart: false
20:17:18.612 [FXGL Background Thread 3 ] DEBUG Engine               - isGameMenuEnabled: true
20:17:18.612 [FXGL Background Thread 3 ] DEBUG Engine               - isIOS: false
20:17:18.612 [FXGL Background Thread 3 ] DEBUG Engine               - isIntroEnabled: true
20:17:18.612 [FXGL Background Thread 3 ] DEBUG Engine               - isLinux: false
20:17:18.612 [FXGL Background Thread 3 ] DEBUG Engine               - isMac: false
20:17:18.612 [FXGL Background Thread 3 ] DEBUG Engine               - isMainMenuEnabled: false
20:17:18.612 [FXGL Background Thread 3 ] DEBUG Engine               - isManualResizeEnabled: false
20:17:18.612 [FXGL Background Thread 3 ] DEBUG Engine               - isMobile: false
20:17:18.612 [FXGL Background Thread 3 ] DEBUG Engine               - isNative: false
20:17:18.612 [FXGL Background Thread 3 ] DEBUG Engine               - isPauseMusicWhenMinimized: true
20:17:18.612 [FXGL Background Thread 3 ] DEBUG Engine               - isPreserveResizeRatio: false
20:17:18.612 [FXGL Background Thread 3 ] DEBUG Engine               - isProfilingEnabled: false
20:17:18.612 [FXGL Background Thread 3 ] DEBUG Engine               - isScaleAffectedOnResize: true
20:17:18.612 [FXGL Background Thread 3 ] DEBUG Engine               - isSingleStep: false
20:17:18.612 [FXGL Background Thread 3 ] DEBUG Engine               - isUserProfileEnabled: false
20:17:18.612 [FXGL Background Thread 3 ] DEBUG Engine               - isWindows: true
20:17:18.612 [FXGL Background Thread 3 ] DEBUG Engine               - language: ObjectProperty [value: GERMAN]
20:17:18.612 [FXGL Background Thread 3 ] DEBUG Engine               - menuKey: F24
20:17:18.612 [FXGL Background Thread 3 ] DEBUG Engine               - mouseSensitivity: 0.2
20:17:18.612 [FXGL Background Thread 3 ] DEBUG Engine               - notificationViewClass: class com.almasb.fxgl.notification.view.XboxNotificationView
20:17:18.612 [FXGL Background Thread 3 ] DEBUG Engine               - pixelsPerMeter: 50.0
20:17:18.612 [FXGL Background Thread 3 ] DEBUG Engine               - platform: WINDOWS
20:17:18.612 [FXGL Background Thread 3 ] DEBUG Engine               - prefHeightProperty: ReadOnlyDoubleProperty [value: 756.0]
20:17:18.612 [FXGL Background Thread 3 ] DEBUG Engine               - prefWidthProperty: ReadOnlyDoubleProperty [value: 1280.0]
20:17:18.612 [FXGL Background Thread 3 ] DEBUG Engine               - profileDir: profiles/
20:17:18.612 [FXGL Background Thread 3 ] DEBUG Engine               - profileName: StringProperty [value: DEFAULT]
20:17:18.612 [FXGL Background Thread 3 ] DEBUG Engine               - randomSeed: -1
20:17:18.612 [FXGL Background Thread 3 ] DEBUG Engine               - runtimeInfo: RuntimeInfo(platform=WINDOWS, version=21.1, build=27.03.2024 07.52)
20:17:18.612 [FXGL Background Thread 3 ] DEBUG Engine               - saveFileExt: sav
20:17:18.612 [FXGL Background Thread 3 ] DEBUG Engine               - scaledHeightProp$fxgl: DoubleProperty [bound, value: 756.0]
20:17:18.612 [FXGL Background Thread 3 ] DEBUG Engine               - scaledWidthProp$fxgl: DoubleProperty [bound, value: 1280.0]
20:17:18.612 [FXGL Background Thread 3 ] DEBUG Engine               - sceneFactory: Mark.baseGame.SceneFactory@67aca5b2
20:17:18.612 [FXGL Background Thread 3 ] DEBUG Engine               - secondsIn24h: 60
20:17:18.612 [FXGL Background Thread 3 ] DEBUG Engine               - soundMenuBack: menu/back.wav
20:17:18.612 [FXGL Background Thread 3 ] DEBUG Engine               - soundMenuPress: menu/press.wav
20:17:18.612 [FXGL Background Thread 3 ] DEBUG Engine               - soundMenuSelect: menu/select.wav
20:17:18.612 [FXGL Background Thread 3 ] DEBUG Engine               - soundNotification: core/notification.wav
20:17:18.612 [FXGL Background Thread 3 ] DEBUG Engine               - stageStyle: UNDECORATED
20:17:18.612 [FXGL Background Thread 3 ] DEBUG Engine               - supportedLanguages: [ENGLISH, FRENCH, GERMAN, HUNGARIAN, RUSSIAN]
20:17:18.612 [FXGL Background Thread 3 ] DEBUG Engine               - ticksPerSecond: -1
20:17:18.612 [FXGL Background Thread 3 ] DEBUG Engine               - title: Saelly the Flying Witch
20:17:18.612 [FXGL Background Thread 3 ] DEBUG Engine               - urlGithub: https://github.com/AlmasB/FXGL
20:17:18.612 [FXGL Background Thread 3 ] DEBUG Engine               - urlLeaderboard: http://fxgl-top.herokuapp.com/
20:17:18.612 [FXGL Background Thread 3 ] DEBUG Engine               - urlPOM: https://raw.githubusercontent.com/AlmasB/FXGL/release/README.md
20:17:18.612 [FXGL Background Thread 3 ] DEBUG Engine               - userAppClass: class Mark.baseGame.SaellyApp
20:17:18.612 [FXGL Background Thread 3 ] DEBUG Engine               - version: 0.1.1 - Alpha 1
20:17:18.612 [FXGL Background Thread 3 ] DEBUG Engine               - versionCheckDays: 7
20:17:18.612 [FXGL Background Thread 3 ] DEBUG Engine               - width: 1280
20:17:18.612 [FXGL Background Thread 3 ] DEBUG Engine               - Logging services
20:17:18.612 [FXGL Background Thread 3 ] DEBUG Engine               - class com.almasb.fxgl.app.services.FXGLAssetLoaderService
20:17:18.612 [FXGL Background Thread 3 ] DEBUG Engine               - class com.almasb.fxgl.app.FXGLApplication$GameApplicationService
20:17:18.612 [FXGL Background Thread 3 ] DEBUG Engine               - class com.almasb.fxgl.app.services.FXGLDialogService
20:17:18.612 [FXGL Background Thread 3 ] DEBUG Engine               - class com.almasb.fxgl.app.services.IOTaskExecutorService
20:17:18.612 [FXGL Background Thread 3 ] DEBUG Engine               - class com.almasb.fxgl.io.FileSystemService
20:17:18.612 [FXGL Background Thread 3 ] DEBUG Engine               - class com.almasb.fxgl.localization.LocalizationService
20:17:18.612 [FXGL Background Thread 3 ] DEBUG Engine               - class com.almasb.fxgl.app.services.SystemBundleService
20:17:18.612 [FXGL Background Thread 3 ] DEBUG Engine               - class com.almasb.fxgl.profile.SaveLoadService
20:17:18.612 [FXGL Background Thread 3 ] DEBUG Engine               - class com.almasb.fxgl.ui.FXGLUIFactoryServiceProvider
20:17:18.612 [FXGL Background Thread 3 ] DEBUG Engine               - class com.almasb.fxgl.ui.FXGLDialogFactoryServiceProvider
20:17:18.612 [FXGL Background Thread 3 ] DEBUG Engine               - class com.almasb.fxgl.audio.AudioPlayer
20:17:18.612 [FXGL Background Thread 3 ] DEBUG Engine               - class com.almasb.fxgl.notification.impl.NotificationServiceProvider
20:17:18.612 [FXGL Background Thread 3 ] DEBUG Engine               - class com.almasb.fxgl.achievement.AchievementService
20:17:18.612 [FXGL Background Thread 3 ] DEBUG Engine               - class com.almasb.fxgl.cutscene.CutsceneService
20:17:18.612 [FXGL Background Thread 3 ] DEBUG Engine               - class com.almasb.fxgl.minigames.MiniGameService
20:17:18.612 [FXGL Background Thread 3 ] DEBUG Engine               - class com.almasb.fxgl.net.NetService
20:17:18.612 [FXGL Background Thread 3 ] DEBUG Engine               - class com.almasb.fxgl.app.services.UpdaterService
20:17:18.612 [FXGL Background Thread 3 ] DEBUG Engine               - class com.almasb.fxgl.dev.DevService
20:17:19.227 [JavaFX Application Thread] DEBUG GameApplicationServi - Starting new game
20:17:19.227 [JavaFX Application Thread] DEBUG Input                - Clearing active input actions
20:17:19.235 [JavaFX Application Thread] DEBUG GameApplicationServi - Removing overlay from CustomIntroScene and adding to CustomLoadingScene
20:17:19.237 [JavaFX Application Thread] DEBUG PrimaryStageWindow   - CustomIntroScene -> CustomLoadingScene
20:17:19.237 [JavaFX Application Thread] DEBUG GameApplicationServi - Clearing previous game
20:17:19.237 [JavaFX Application Thread] DEBUG GameScene            - Clearing game scene
20:17:19.237 [JavaFX Application Thread] DEBUG GameWorld            - Clearing game world
20:17:19.237 [JavaFX Application Thread] DEBUG PhysicsWorld         - Clearing physics world
20:17:19.238 [FXGL Background Thread 2 ] DEBUG FXGLApplication      - Initializing game
20:17:23.240 [FXGL Background Thread 2 ] DEBUG AudioPlayer          - Stopping music com.almasb.fxgl.audio.Music@4cf43a0e
20:17:23.242 [FXGL Background Thread 2 ] DEBUG AudioPlayer          - Stopping music com.almasb.fxgl.audio.Music@9605d6c
20:17:23.242 [FXGL Background Thread 2 ] DEBUG AudioPlayer          - Stopping music com.almasb.fxgl.audio.Music@798caa43
20:17:23.243 [FXGL Background Thread 2 ] DEBUG AudioPlayer          - Playing music com.almasb.fxgl.audio.Music@798caa43
20:17:23.253 [FXGL Background Thread 2 ] DEBUG FXGLAssetLoaderServi - Loading from file system: file:/C:/Users/info/OneDrive/Dokumente/java-workspace/baseGame/target/classes/assets/textures/player/SaellyJump.png
20:17:23.274 [FXGL Background Thread 2 ] DEBUG FXGLAssetLoaderServi - Loading from file system: file:/C:/Users/info/OneDrive/Dokumente/java-workspace/baseGame/target/classes/assets/sounds/Jump.wav
20:17:23.275 [FXGL Background Thread 2 ] DEBUG FXGLAssetLoaderServi - Loading from file system: file:/C:/Users/info/OneDrive/Dokumente/java-workspace/baseGame/target/classes/assets/textures/gameBackgroundLoopable.png
20:17:23.357 [FXGL Background Thread 2 ] INFO  FXGLApplication      - Game initialization took: 4,118 sec
20:17:23.856 [JavaFX Application Thread] DEBUG Input                - Clearing active input actions
20:17:23.863 [JavaFX Application Thread] DEBUG GameApplicationServi - Removing overlay from CustomLoadingScene and adding to GameScene
20:17:23.863 [JavaFX Application Thread] DEBUG PrimaryStageWindow   - CustomLoadingScene -> GameScene
20:17:24.458 [JavaFX Application Thread] DEBUG PrimaryStageWindow   - Push state: CustomPauseMenuScene
20:17:24.458 [JavaFX Application Thread] DEBUG Input                - Clearing active input actions
20:17:24.463 [JavaFX Application Thread] DEBUG AudioPlayer          - Pausing music com.almasb.fxgl.audio.Music@798caa43
20:17:24.497 [JavaFX Application Thread] DEBUG AudioPlayer          - Playing music com.almasb.fxgl.audio.Music@9605d6c
20:17:24.497 [JavaFX Application Thread] DEBUG GameApplicationServi - Removing overlay from GameScene and adding to CustomPauseMenuScene
20:17:24.497 [JavaFX Application Thread] DEBUG PrimaryStageWindow   - GameScene -> CustomPauseMenuScene
20:17:24.505 [JavaFX Application Thread] WARN  LocalizationService  - menu.leaderboard is not localized for language GERMAN
20:17:24.505 [JavaFX Application Thread] WARN  LocalizationService  - menu.mainmenu is not localized for language GERMAN
20:17:24.531 [JavaFX Application Thread] WARN  LocalizationService  - menu.lang_de is not localized for language GERMAN
20:17:24.533 [JavaFX Application Thread] WARN  LocalizationService  - menu.lang_en is not localized for language GERMAN
20:17:24.548 [JavaFX Application Thread] WARN  LocalizationService  - menu.yes is not localized for language GERMAN
20:17:24.550 [JavaFX Application Thread] WARN  LocalizationService  - menu.no is not localized for language GERMAN
20:17:43.091 [JavaFX Application Thread] WARN  LocalizationService  - menu.mode is not localized for language GERMAN
20:17:44.149 [JavaFX Application Thread] WARN  LocalizationService  - menu.mode is not localized for language GERMAN
20:17:44.687 [JavaFX Application Thread] WARN  LocalizationService  - menu.mode is not localized for language GERMAN
20:17:46.857 [JavaFX Application Thread] WARN  GameApplicationServi - Ignoring gotoMainMenu() because main menu is not enabled
20:17:51.419 [JavaFX Application Thread] DEBUG Menu                 - fireResume()
20:17:51.419 [JavaFX Application Thread] DEBUG PrimaryStageWindow   - Pop state: CustomPauseMenuScene
20:17:51.419 [JavaFX Application Thread] DEBUG Input                - Clearing active input actions
20:17:51.421 [JavaFX Application Thread] DEBUG AudioPlayer          - Stopping music com.almasb.fxgl.audio.Music@9605d6c
20:17:51.422 [JavaFX Application Thread] DEBUG AudioPlayer          - Resuming music com.almasb.fxgl.audio.Music@798caa43
20:17:51.423 [JavaFX Application Thread] DEBUG GameApplicationServi - Removing overlay from CustomPauseMenuScene and adding to GameScene
20:17:51.423 [JavaFX Application Thread] DEBUG PrimaryStageWindow   - GameScene <- CustomPauseMenuScene
20:17:52.843 [JavaFX Application Thread] DEBUG PrimaryStageWindow   - Push state: CustomPauseMenuScene
20:17:52.843 [JavaFX Application Thread] DEBUG Input                - Clearing active input actions
20:17:52.846 [JavaFX Application Thread] DEBUG AudioPlayer          - Pausing music com.almasb.fxgl.audio.Music@798caa43
20:17:52.884 [JavaFX Application Thread] DEBUG AudioPlayer          - Playing music com.almasb.fxgl.audio.Music@9605d6c
20:17:52.884 [JavaFX Application Thread] DEBUG GameApplicationServi - Removing overlay from GameScene and adding to CustomPauseMenuScene
20:17:52.885 [JavaFX Application Thread] DEBUG PrimaryStageWindow   - GameScene -> CustomPauseMenuScene
20:17:54.890 [JavaFX Application Thread] DEBUG FXGLApplication      - Exiting FXGL
20:17:54.890 [JavaFX Application Thread] DEBUG LoopRunner           - Stopping loop
20:17:54.890 [JavaFX Application Thread] DEBUG SystemBundleService  - Saving FXGL system data
20:17:54.893 [JavaFX Application Thread] DEBUG FileSystemAccess     - Writing to: C:\Users\info\OneDrive\Dokumente\java-workspace\baseGame\system\fxgl.bundle
20:17:54.894 [JavaFX Application Thread] DEBUG Async                - Shutting down background threads
20:17:54.894 [JavaFX Application Thread] DEBUG PrimaryStageWindow   - Closing main window
20:17:54.925 [JavaFX Application Thread] DEBUG Logger               - Closing Logger
